-- The C compiler identification is GNU 9.4.0
-- The CXX compiler identification is GNU 9.4.0
-- Check for working C compiler: /usr/bin/cc
-- Check for working C compiler: /usr/bin/cc -- works
-- Detecting C compiler ABI info
-- Detecting C compiler ABI info - done
-- Detecting C compile features
-- Detecting C compile features - done
-- Check for working CXX compiler: /usr/bin/c++
-- Check for working CXX compiler: /usr/bin/c++ -- works
-- Detecting CXX compiler ABI info
-- Detecting CXX compiler ABI info - done
-- Detecting CXX compile features
-- Detecting CXX compile features - done
-- Found ament_cmake: 0.9.12 (/opt/ros/foxy/share/ament_cmake/cmake)
-- Found PythonInterp: /usr/bin/python3 (found suitable version "3.8.10", minimum required is "3") 
-- Using PYTHON_EXECUTABLE: /usr/bin/python3
-- Override CMake install command with custom implementation using symlinks instead of copying resources
-- Found builtin_interfaces: 1.0.0 (/opt/ros/foxy/share/builtin_interfaces/cmake)
-- Using all available rosidl_typesupport_c: rosidl_typesupport_fastrtps_c;rosidl_typesupport_introspection_c
-- Found rosidl_adapter: 1.3.1 (/opt/ros/foxy/share/rosidl_adapter/cmake)
-- Found OpenSSL: /usr/lib/aarch64-linux-gnu/libcrypto.so (found version "1.1.1f")  
-- Found FastRTPS: /opt/ros/foxy/include  
-- Using all available rosidl_typesupport_cpp: rosidl_typesupport_fastrtps_cpp;rosidl_typesupport_introspection_cpp
-- Found rosidl_default_generators: 1.0.1 (/opt/ros/foxy/share/rosidl_default_generators/cmake)
-- Found PythonInterp: /usr/bin/python3 (found version "3.8.10") 
-- Found ament_cmake_cppcheck: 0.9.8 (/opt/ros/foxy/share/ament_cmake_cppcheck/cmake)
-- Found ament_cmake_cpplint: 0.9.8 (/opt/ros/foxy/share/ament_cmake_cpplint/cmake)
-- Found ament_cmake_uncrustify: 0.9.8 (/opt/ros/foxy/share/ament_cmake_uncrustify/cmake)
-- Found ament_cmake_ros: 0.9.2 (/opt/ros/foxy/share/ament_cmake_ros/cmake)
-- Using all available rosidl_typesupport_c: rosidl_typesupport_fastrtps_c;rosidl_typesupport_introspection_c
-- Using all available rosidl_typesupport_cpp: rosidl_typesupport_fastrtps_cpp;rosidl_typesupport_introspection_cpp
-- Found PythonInterp: /usr/bin/python3 (found suitable version "3.8.10", minimum required is "3.5") 
-- Found python_cmake_module: 0.8.1 (/opt/ros/foxy/share/python_cmake_module/cmake)
-- Found PythonLibs: /usr/lib/aarch64-linux-gnu/libpython3.8.so (found suitable version "3.8.10", minimum required is "3.5") 
-- Using PYTHON_EXECUTABLE: /usr/bin/python3
-- Using PYTHON_INCLUDE_DIRS: /usr/include/python3.8
-- Using PYTHON_LIBRARIES: /usr/lib/aarch64-linux-gnu/libpython3.8.so
-- Found PythonExtra: .so  
-- Found ament_cmake_flake8: 0.9.8 (/opt/ros/foxy/share/ament_cmake_flake8/cmake)
-- Found ament_cmake_pep257: 0.9.8 (/opt/ros/foxy/share/ament_cmake_pep257/cmake)
-- Found ament_lint_auto: 0.9.8 (/opt/ros/foxy/share/ament_lint_auto/cmake)
-- Added test 'copyright' to check source files copyright and LICENSE
-- Added test 'lint_cmake' to check CMake code style
-- Added test 'xmllint' to check XML markup files
-- Configuring done
-- Generating done
-- Build files have been written to: /home/moonbotj40/elian_stuff/my_dynamixel_repo/build/dyna_controller_messages
[  3%] [34m[1mGenerating C code for ROS interfaces[0m
[35m[1mScanning dependencies of target dyna_controller_messages__cpp[0m
[  6%] [34m[1mGenerating C++ code for ROS interfaces[0m
[35m[1mScanning dependencies of target dyna_controller_messages__rosidl_generator_c[0m
[  6%] Built target dyna_controller_messages__cpp
[  9%] [32mBuilding C object CMakeFiles/dyna_controller_messages__rosidl_generator_c.dir/rosidl_generator_c/dyna_controller_messages/msg/detail/angle_time__functions.c.o[0m
[ 16%] [34m[1mGenerating C++ type support dispatch for ROS interfaces[0m
[ 16%] [34m[1mGenerating C++ introspection for ROS interfaces[0m
[ 19%] [34m[1mGenerating C++ type support for eProsima Fast-RTPS[0m
[ 22%] [32m[1mLinking C shared library libdyna_controller_messages__rosidl_generator_c.so[0m
[ 22%] Built target dyna_controller_messages__rosidl_generator_c
[ 29%] [34m[1mGenerating C type support dispatch for ROS interfaces[0m
[ 29%] [34m[1mGenerating C introspection for ROS interfaces[0m
[35m[1mScanning dependencies of target dyna_controller_messages__rosidl_typesupport_cpp[0m
[ 32%] [32mBuilding CXX object CMakeFiles/dyna_controller_messages__rosidl_typesupport_cpp.dir/rosidl_typesupport_cpp/dyna_controller_messages/msg/angle_time__type_support.cpp.o[0m
[35m[1mScanning dependencies of target dyna_controller_messages__rosidl_typesupport_introspection_cpp[0m
[35m[1mScanning dependencies of target dyna_controller_messages__rosidl_typesupport_fastrtps_cpp[0m
[ 35%] [32mBuilding CXX object CMakeFiles/dyna_controller_messages__rosidl_typesupport_introspection_cpp.dir/rosidl_typesupport_introspection_cpp/dyna_controller_messages/msg/detail/angle_time__type_support.cpp.o[0m
[ 38%] [32mBuilding CXX object CMakeFiles/dyna_controller_messages__rosidl_typesupport_fastrtps_cpp.dir/rosidl_typesupport_fastrtps_cpp/dyna_controller_messages/msg/detail/dds_fastrtps/angle_time__type_support.cpp.o[0m
[35m[1mScanning dependencies of target dyna_controller_messages__rosidl_typesupport_c[0m
[ 41%] [32mBuilding CXX object CMakeFiles/dyna_controller_messages__rosidl_typesupport_c.dir/rosidl_typesupport_c/dyna_controller_messages/msg/angle_time__type_support.cpp.o[0m
[35m[1mScanning dependencies of target dyna_controller_messages__rosidl_typesupport_introspection_c[0m
[ 45%] [32mBuilding C object CMakeFiles/dyna_controller_messages__rosidl_typesupport_introspection_c.dir/rosidl_typesupport_introspection_c/dyna_controller_messages/msg/detail/angle_time__type_support.c.o[0m
[ 48%] [32m[1mLinking CXX shared library libdyna_controller_messages__rosidl_typesupport_c.so[0m
[ 51%] [32m[1mLinking C shared library libdyna_controller_messages__rosidl_typesupport_introspection_c.so[0m
[ 51%] Built target dyna_controller_messages__rosidl_typesupport_c
[ 51%] Built target dyna_controller_messages__rosidl_typesupport_introspection_c
[ 54%] [32m[1mLinking CXX shared library libdyna_controller_messages__rosidl_typesupport_cpp.so[0m
[ 58%] [32m[1mLinking CXX shared library libdyna_controller_messages__rosidl_typesupport_introspection_cpp.so[0m
[ 58%] Built target dyna_controller_messages__rosidl_typesupport_cpp
[ 58%] Built target dyna_controller_messages__rosidl_typesupport_introspection_cpp
[ 61%] [32m[1mLinking CXX shared library libdyna_controller_messages__rosidl_typesupport_fastrtps_cpp.so[0m
[ 61%] Built target dyna_controller_messages__rosidl_typesupport_fastrtps_cpp
[ 64%] [34m[1mGenerating C type support for eProsima Fast-RTPS[0m
[35m[1mScanning dependencies of target dyna_controller_messages__rosidl_typesupport_fastrtps_c[0m
[ 67%] [32mBuilding CXX object CMakeFiles/dyna_controller_messages__rosidl_typesupport_fastrtps_c.dir/rosidl_typesupport_fastrtps_c/dyna_controller_messages/msg/detail/angle_time__type_support_c.cpp.o[0m
[ 70%] [32m[1mLinking CXX shared library libdyna_controller_messages__rosidl_typesupport_fastrtps_c.so[0m
[ 70%] Built target dyna_controller_messages__rosidl_typesupport_fastrtps_c
[35m[1mScanning dependencies of target dyna_controller_messages[0m
[ 70%] Built target dyna_controller_messages
[35m[1mScanning dependencies of target dyna_controller_messages__py[0m
[ 74%] [34m[1mGenerating Python code for ROS interfaces[0m
[ 74%] Built target dyna_controller_messages__py
[35m[1mScanning dependencies of target dyna_controller_messages__python[0m
[ 77%] [32mBuilding C object CMakeFiles/dyna_controller_messages__python.dir/rosidl_generator_py/dyna_controller_messages/msg/_angle_time_s.c.o[0m
[ 80%] [32m[1mLinking C shared library rosidl_generator_py/dyna_controller_messages/libdyna_controller_messages__python.so[0m
[ 80%] Built target dyna_controller_messages__python
[35m[1mScanning dependencies of target dyna_controller_messages__rosidl_typesupport_fastrtps_c__pyext[0m
[35m[1mScanning dependencies of target dyna_controller_messages__rosidl_typesupport_introspection_c__pyext[0m
[35m[1mScanning dependencies of target dyna_controller_messages__rosidl_typesupport_c__pyext[0m
[ 87%] [32mBuilding C object CMakeFiles/dyna_controller_messages__rosidl_typesupport_c__pyext.dir/rosidl_generator_py/dyna_controller_messages/_dyna_controller_messages_s.ep.rosidl_typesupport_c.c.o[0m
[ 87%] [32mBuilding C object CMakeFiles/dyna_controller_messages__rosidl_typesupport_introspection_c__pyext.dir/rosidl_generator_py/dyna_controller_messages/_dyna_controller_messages_s.ep.rosidl_typesupport_introspection_c.c.o[0m
[ 90%] [32mBuilding C object CMakeFiles/dyna_controller_messages__rosidl_typesupport_fastrtps_c__pyext.dir/rosidl_generator_py/dyna_controller_messages/_dyna_controller_messages_s.ep.rosidl_typesupport_fastrtps_c.c.o[0m
[100%] [32m[1mLinking CXX shared library rosidl_generator_py/dyna_controller_messages/dyna_controller_messages_s__rosidl_typesupport_fastrtps_c.cpython-38-aarch64-linux-gnu.so[0m
[100%] [32m[1mLinking C shared library rosidl_generator_py/dyna_controller_messages/dyna_controller_messages_s__rosidl_typesupport_c.cpython-38-aarch64-linux-gnu.so[0m
[100%] [32m[1mLinking C shared library rosidl_generator_py/dyna_controller_messages/dyna_controller_messages_s__rosidl_typesupport_introspection_c.cpython-38-aarch64-linux-gnu.so[0m
[100%] Built target dyna_controller_messages__rosidl_typesupport_introspection_c__pyext
[100%] Built target dyna_controller_messages__rosidl_typesupport_c__pyext
[100%] Built target dyna_controller_messages__rosidl_typesupport_fastrtps_c__pyext
-- Install configuration: ""
-- Execute custom install script
-- Symlinking: /home/moonbotj40/elian_stuff/my_dynamixel_repo/install/dyna_controller_messages/share/ament_index/resource_index/rosidl_interfaces/dyna_controller_messages
-- Symlinking: /home/moonbotj40/elian_stuff/my_dynamixel_repo/install/dyna_controller_messages/include/dyna_controller_messages/msg/angle_time.h
-- Symlinking: /home/moonbotj40/elian_stuff/my_dynamixel_repo/install/dyna_controller_messages/include/dyna_controller_messages/msg/detail/angle_time__functions.h
-- Symlinking: /home/moonbotj40/elian_stuff/my_dynamixel_repo/install/dyna_controller_messages/include/dyna_controller_messages/msg/detail/angle_time__struct.h
-- Symlinking: /home/moonbotj40/elian_stuff/my_dynamixel_repo/install/dyna_controller_messages/include/dyna_controller_messages/msg/detail/angle_time__type_support.h
-- Symlinking: /home/moonbotj40/elian_stuff/my_dynamixel_repo/install/dyna_controller_messages/include/dyna_controller_messages/msg/rosidl_generator_c__visibility_control.h
-- Symlinking: /home/moonbotj40/elian_stuff/my_dynamixel_repo/install/dyna_controller_messages/share/dyna_controller_messages/environment/library_path.sh
-- Symlinking: /home/moonbotj40/elian_stuff/my_dynamixel_repo/install/dyna_controller_messages/share/dyna_controller_messages/environment/library_path.dsv
-- Symlinking: /home/moonbotj40/elian_stuff/my_dynamixel_repo/install/dyna_controller_messages/include/dyna_controller_messages/msg/detail/angle_time__rosidl_typesupport_fastrtps_c.h
-- Symlinking: /home/moonbotj40/elian_stuff/my_dynamixel_repo/install/dyna_controller_messages/include/dyna_controller_messages/msg/rosidl_typesupport_fastrtps_c__visibility_control.h
-- Symlinking: /home/moonbotj40/elian_stuff/my_dynamixel_repo/install/dyna_controller_messages/lib/libdyna_controller_messages__rosidl_typesupport_fastrtps_c.so
-- Symlinking: /home/moonbotj40/elian_stuff/my_dynamixel_repo/install/dyna_controller_messages/include/dyna_controller_messages/msg/detail/angle_time__rosidl_typesupport_fastrtps_cpp.hpp
-- Symlinking: /home/moonbotj40/elian_stuff/my_dynamixel_repo/install/dyna_controller_messages/include/dyna_controller_messages/msg/rosidl_typesupport_fastrtps_cpp__visibility_control.h
-- Symlinking: /home/moonbotj40/elian_stuff/my_dynamixel_repo/install/dyna_controller_messages/lib/libdyna_controller_messages__rosidl_typesupport_fastrtps_cpp.so
-- Symlinking: /home/moonbotj40/elian_stuff/my_dynamixel_repo/install/dyna_controller_messages/include/dyna_controller_messages/msg/detail/angle_time__rosidl_typesupport_introspection_c.h
-- Symlinking: /home/moonbotj40/elian_stuff/my_dynamixel_repo/install/dyna_controller_messages/include/dyna_controller_messages/msg/rosidl_typesupport_introspection_c__visibility_control.h
-- Symlinking: /home/moonbotj40/elian_stuff/my_dynamixel_repo/install/dyna_controller_messages/include/dyna_controller_messages/msg/angle_time.hpp
-- Symlinking: /home/moonbotj40/elian_stuff/my_dynamixel_repo/install/dyna_controller_messages/include/dyna_controller_messages/msg/detail/angle_time__builder.hpp
-- Symlinking: /home/moonbotj40/elian_stuff/my_dynamixel_repo/install/dyna_controller_messages/include/dyna_controller_messages/msg/detail/angle_time__struct.hpp
-- Symlinking: /home/moonbotj40/elian_stuff/my_dynamixel_repo/install/dyna_controller_messages/include/dyna_controller_messages/msg/detail/angle_time__traits.hpp
-- Symlinking: /home/moonbotj40/elian_stuff/my_dynamixel_repo/install/dyna_controller_messages/include/dyna_controller_messages/msg/detail/angle_time__type_support.hpp
-- Symlinking: /home/moonbotj40/elian_stuff/my_dynamixel_repo/install/dyna_controller_messages/include/dyna_controller_messages/msg/rosidl_generator_cpp__visibility_control.hpp
-- Symlinking: /home/moonbotj40/elian_stuff/my_dynamixel_repo/install/dyna_controller_messages/include/dyna_controller_messages/msg/detail/angle_time__rosidl_typesupport_introspection_cpp.hpp
-- Symlinking: /home/moonbotj40/elian_stuff/my_dynamixel_repo/install/dyna_controller_messages/share/dyna_controller_messages/environment/pythonpath.sh
-- Symlinking: /home/moonbotj40/elian_stuff/my_dynamixel_repo/install/dyna_controller_messages/share/dyna_controller_messages/environment/pythonpath.dsv
-- Symlinking: /home/moonbotj40/elian_stuff/my_dynamixel_repo/install/dyna_controller_messages/lib/python3.8/site-packages/dyna_controller_messages/__init__.py
-- Symlinking: /home/moonbotj40/elian_stuff/my_dynamixel_repo/install/dyna_controller_messages/lib/python3.8/site-packages/dyna_controller_messages/msg/__init__.py
-- Symlinking: /home/moonbotj40/elian_stuff/my_dynamixel_repo/install/dyna_controller_messages/lib/python3.8/site-packages/dyna_controller_messages/msg/_angle_time.py
-- Symlinking: /home/moonbotj40/elian_stuff/my_dynamixel_repo/install/dyna_controller_messages/lib/python3.8/site-packages/dyna_controller_messages/dyna_controller_messages_s__rosidl_typesupport_fastrtps_c.cpython-38-aarch64-linux-gnu.so
-- Symlinking: /home/moonbotj40/elian_stuff/my_dynamixel_repo/install/dyna_controller_messages/lib/python3.8/site-packages/dyna_controller_messages/dyna_controller_messages_s__rosidl_typesupport_introspection_c.cpython-38-aarch64-linux-gnu.so
-- Symlinking: /home/moonbotj40/elian_stuff/my_dynamixel_repo/install/dyna_controller_messages/lib/python3.8/site-packages/dyna_controller_messages/dyna_controller_messages_s__rosidl_typesupport_c.cpython-38-aarch64-linux-gnu.so
-- Symlinking: /home/moonbotj40/elian_stuff/my_dynamixel_repo/install/dyna_controller_messages/lib/libdyna_controller_messages__python.so
-- Symlinking: /home/moonbotj40/elian_stuff/my_dynamixel_repo/install/dyna_controller_messages/share/dyna_controller_messages/msg/AngleTime.idl
-- Symlinking: /home/moonbotj40/elian_stuff/my_dynamixel_repo/install/dyna_controller_messages/share/dyna_controller_messages/msg/AngleTime.msg
-- Symlinking: /home/moonbotj40/elian_stuff/my_dynamixel_repo/install/dyna_controller_messages/share/ament_index/resource_index/package_run_dependencies/dyna_controller_messages
-- Symlinking: /home/moonbotj40/elian_stuff/my_dynamixel_repo/install/dyna_controller_messages/share/ament_index/resource_index/parent_prefix_path/dyna_controller_messages
-- Symlinking: /home/moonbotj40/elian_stuff/my_dynamixel_repo/install/dyna_controller_messages/share/dyna_controller_messages/environment/ament_prefix_path.sh
-- Symlinking: /home/moonbotj40/elian_stuff/my_dynamixel_repo/install/dyna_controller_messages/share/dyna_controller_messages/environment/ament_prefix_path.dsv
-- Symlinking: /home/moonbotj40/elian_stuff/my_dynamixel_repo/install/dyna_controller_messages/share/dyna_controller_messages/environment/path.sh
-- Symlinking: /home/moonbotj40/elian_stuff/my_dynamixel_repo/install/dyna_controller_messages/share/dyna_controller_messages/environment/path.dsv
-- Symlinking: /home/moonbotj40/elian_stuff/my_dynamixel_repo/install/dyna_controller_messages/share/dyna_controller_messages/local_setup.bash
-- Symlinking: /home/moonbotj40/elian_stuff/my_dynamixel_repo/install/dyna_controller_messages/share/dyna_controller_messages/local_setup.sh
-- Symlinking: /home/moonbotj40/elian_stuff/my_dynamixel_repo/install/dyna_controller_messages/share/dyna_controller_messages/local_setup.zsh
-- Symlinking: /home/moonbotj40/elian_stuff/my_dynamixel_repo/install/dyna_controller_messages/share/dyna_controller_messages/local_setup.dsv
-- Symlinking: /home/moonbotj40/elian_stuff/my_dynamixel_repo/install/dyna_controller_messages/share/dyna_controller_messages/package.dsv
-- Symlinking: /home/moonbotj40/elian_stuff/my_dynamixel_repo/install/dyna_controller_messages/share/ament_index/resource_index/packages/dyna_controller_messages
-- Symlinking: /home/moonbotj40/elian_stuff/my_dynamixel_repo/install/dyna_controller_messages/share/dyna_controller_messages/cmake/rosidl_cmake-extras.cmake
-- Symlinking: /home/moonbotj40/elian_stuff/my_dynamixel_repo/install/dyna_controller_messages/share/dyna_controller_messages/cmake/ament_cmake_export_dependencies-extras.cmake
-- Symlinking: /home/moonbotj40/elian_stuff/my_dynamixel_repo/install/dyna_controller_messages/share/dyna_controller_messages/cmake/ament_cmake_export_libraries-extras.cmake
-- Symlinking: /home/moonbotj40/elian_stuff/my_dynamixel_repo/install/dyna_controller_messages/share/dyna_controller_messages/cmake/ament_cmake_export_targets-extras.cmake
-- Symlinking: /home/moonbotj40/elian_stuff/my_dynamixel_repo/install/dyna_controller_messages/share/dyna_controller_messages/cmake/ament_cmake_export_include_directories-extras.cmake
-- Symlinking: /home/moonbotj40/elian_stuff/my_dynamixel_repo/install/dyna_controller_messages/share/dyna_controller_messages/cmake/rosidl_cmake_export_typesupport_libraries-extras.cmake
-- Symlinking: /home/moonbotj40/elian_stuff/my_dynamixel_repo/install/dyna_controller_messages/share/dyna_controller_messages/cmake/rosidl_cmake_export_typesupport_targets-extras.cmake
-- Symlinking: /home/moonbotj40/elian_stuff/my_dynamixel_repo/install/dyna_controller_messages/share/dyna_controller_messages/cmake/dyna_controller_messagesConfig.cmake
-- Symlinking: /home/moonbotj40/elian_stuff/my_dynamixel_repo/install/dyna_controller_messages/share/dyna_controller_messages/cmake/dyna_controller_messagesConfig-version.cmake
-- Symlinking: /home/moonbotj40/elian_stuff/my_dynamixel_repo/install/dyna_controller_messages/share/dyna_controller_messages/package.xml
-- Installing: /home/moonbotj40/elian_stuff/my_dynamixel_repo/install/dyna_controller_messages/lib/libdyna_controller_messages__rosidl_generator_c.so
-- Set runtime path of "/home/moonbotj40/elian_stuff/my_dynamixel_repo/install/dyna_controller_messages/lib/libdyna_controller_messages__rosidl_generator_c.so" to ""
-- Installing: /home/moonbotj40/elian_stuff/my_dynamixel_repo/install/dyna_controller_messages/lib/libdyna_controller_messages__rosidl_typesupport_introspection_c.so
-- Set runtime path of "/home/moonbotj40/elian_stuff/my_dynamixel_repo/install/dyna_controller_messages/lib/libdyna_controller_messages__rosidl_typesupport_introspection_c.so" to ""
-- Installing: /home/moonbotj40/elian_stuff/my_dynamixel_repo/install/dyna_controller_messages/lib/libdyna_controller_messages__rosidl_typesupport_c.so
-- Set runtime path of "/home/moonbotj40/elian_stuff/my_dynamixel_repo/install/dyna_controller_messages/lib/libdyna_controller_messages__rosidl_typesupport_c.so" to ""
-- Installing: /home/moonbotj40/elian_stuff/my_dynamixel_repo/install/dyna_controller_messages/lib/libdyna_controller_messages__rosidl_typesupport_introspection_cpp.so
-- Set runtime path of "/home/moonbotj40/elian_stuff/my_dynamixel_repo/install/dyna_controller_messages/lib/libdyna_controller_messages__rosidl_typesupport_introspection_cpp.so" to ""
-- Installing: /home/moonbotj40/elian_stuff/my_dynamixel_repo/install/dyna_controller_messages/lib/libdyna_controller_messages__rosidl_typesupport_cpp.so
-- Set runtime path of "/home/moonbotj40/elian_stuff/my_dynamixel_repo/install/dyna_controller_messages/lib/libdyna_controller_messages__rosidl_typesupport_cpp.so" to ""
Compiling '/home/moonbotj40/elian_stuff/my_dynamixel_repo/install/dyna_controller_messages/lib/python3.8/site-packages/dyna_controller_messages/__init__.py'...
-- Installing: /home/moonbotj40/elian_stuff/my_dynamixel_repo/install/dyna_controller_messages/share/dyna_controller_messages/cmake/dyna_controller_messages__rosidl_generator_cExport.cmake
-- Installing: /home/moonbotj40/elian_stuff/my_dynamixel_repo/install/dyna_controller_messages/share/dyna_controller_messages/cmake/dyna_controller_messages__rosidl_generator_cExport-noconfig.cmake
-- Installing: /home/moonbotj40/elian_stuff/my_dynamixel_repo/install/dyna_controller_messages/share/dyna_controller_messages/cmake/dyna_controller_messages__rosidl_typesupport_introspection_cExport.cmake
-- Installing: /home/moonbotj40/elian_stuff/my_dynamixel_repo/install/dyna_controller_messages/share/dyna_controller_messages/cmake/dyna_controller_messages__rosidl_typesupport_introspection_cExport-noconfig.cmake
-- Installing: /home/moonbotj40/elian_stuff/my_dynamixel_repo/install/dyna_controller_messages/share/dyna_controller_messages/cmake/dyna_controller_messages__rosidl_typesupport_cExport.cmake
-- Installing: /home/moonbotj40/elian_stuff/my_dynamixel_repo/install/dyna_controller_messages/share/dyna_controller_messages/cmake/dyna_controller_messages__rosidl_typesupport_cExport-noconfig.cmake
-- Installing: /home/moonbotj40/elian_stuff/my_dynamixel_repo/install/dyna_controller_messages/share/dyna_controller_messages/cmake/dyna_controller_messages__rosidl_generator_cppExport.cmake
-- Installing: /home/moonbotj40/elian_stuff/my_dynamixel_repo/install/dyna_controller_messages/share/dyna_controller_messages/cmake/dyna_controller_messages__rosidl_typesupport_introspection_cppExport.cmake
-- Installing: /home/moonbotj40/elian_stuff/my_dynamixel_repo/install/dyna_controller_messages/share/dyna_controller_messages/cmake/dyna_controller_messages__rosidl_typesupport_introspection_cppExport-noconfig.cmake
-- Installing: /home/moonbotj40/elian_stuff/my_dynamixel_repo/install/dyna_controller_messages/share/dyna_controller_messages/cmake/dyna_controller_messages__rosidl_typesupport_cppExport.cmake
-- Installing: /home/moonbotj40/elian_stuff/my_dynamixel_repo/install/dyna_controller_messages/share/dyna_controller_messages/cmake/dyna_controller_messages__rosidl_typesupport_cppExport-noconfig.cmake
