[0.724s] Invoking command in '/home/moonbotj40/elian_stuff/my_dynamixel_repo/build/dyna_controller_messages': CMAKE_PREFIX_PATH=${CMAKE_PREFIX_PATH}:/home/moonbotj40/elian_stuff/my_dynamixel_repo/install/motor_controller:/opt/ros/foxy /usr/bin/cmake /home/moonbotj40/elian_stuff/my_dynamixel_repo/src/dyna_controller_messages -DAMENT_CMAKE_SYMLINK_INSTALL=1 -DCMAKE_INSTALL_PREFIX=/home/moonbotj40/elian_stuff/my_dynamixel_repo/install/dyna_controller_messages
[0.836s] -- The C compiler identification is GNU 9.4.0
[0.934s] -- The CXX compiler identification is GNU 9.4.0
[0.942s] -- Check for working C compiler: /usr/bin/cc
[1.074s] -- Check for working C compiler: /usr/bin/cc -- works
[1.077s] -- Detecting C compiler ABI info
[1.220s] -- Detecting C compiler ABI info - done
[1.254s] -- Detecting C compile features
[1.255s] -- Detecting C compile features - done
[1.259s] -- Check for working CXX compiler: /usr/bin/c++
[1.408s] -- Check for working CXX compiler: /usr/bin/c++ -- works
[1.411s] -- Detecting CXX compiler ABI info
[1.564s] -- Detecting CXX compiler ABI info - done
[1.597s] -- Detecting CXX compile features
[1.598s] -- Detecting CXX compile features - done
[1.603s] -- Found ament_cmake: 0.9.12 (/opt/ros/foxy/share/ament_cmake/cmake)
[1.651s] -- Found PythonInterp: /usr/bin/python3 (found suitable version "3.8.10", minimum required is "3") 
[1.651s] -- Using PYTHON_EXECUTABLE: /usr/bin/python3
[2.016s] -- Override CMake install command with custom implementation using symlinks instead of copying resources
[2.067s] -- Found builtin_interfaces: 1.0.0 (/opt/ros/foxy/share/builtin_interfaces/cmake)
[2.115s] -- Using all available rosidl_typesupport_c: rosidl_typesupport_fastrtps_c;rosidl_typesupport_introspection_c
[2.126s] -- Found rosidl_adapter: 1.3.1 (/opt/ros/foxy/share/rosidl_adapter/cmake)
[2.273s] -- Found OpenSSL: /usr/lib/aarch64-linux-gnu/libcrypto.so (found version "1.1.1f")  
[2.329s] -- Found FastRTPS: /opt/ros/foxy/include  
[2.477s] -- Using all available rosidl_typesupport_cpp: rosidl_typesupport_fastrtps_cpp;rosidl_typesupport_introspection_cpp
[2.527s] -- Found rosidl_default_generators: 1.0.1 (/opt/ros/foxy/share/rosidl_default_generators/cmake)
[2.591s] -- Found PythonInterp: /usr/bin/python3 (found version "3.8.10") 
[2.841s] -- Found ament_cmake_cppcheck: 0.9.8 (/opt/ros/foxy/share/ament_cmake_cppcheck/cmake)
[2.844s] -- Found ament_cmake_cpplint: 0.9.8 (/opt/ros/foxy/share/ament_cmake_cpplint/cmake)
[2.848s] -- Found ament_cmake_uncrustify: 0.9.8 (/opt/ros/foxy/share/ament_cmake_uncrustify/cmake)
[2.852s] -- Found ament_cmake_ros: 0.9.2 (/opt/ros/foxy/share/ament_cmake_ros/cmake)
[3.067s] -- Using all available rosidl_typesupport_c: rosidl_typesupport_fastrtps_c;rosidl_typesupport_introspection_c
[3.099s] -- Using all available rosidl_typesupport_cpp: rosidl_typesupport_fastrtps_cpp;rosidl_typesupport_introspection_cpp
[3.151s] -- Found PythonInterp: /usr/bin/python3 (found suitable version "3.8.10", minimum required is "3.5") 
[3.153s] -- Found python_cmake_module: 0.8.1 (/opt/ros/foxy/share/python_cmake_module/cmake)
[3.207s] -- Found PythonLibs: /usr/lib/aarch64-linux-gnu/libpython3.8.so (found suitable version "3.8.10", minimum required is "3.5") 
[3.207s] -- Using PYTHON_EXECUTABLE: /usr/bin/python3
[3.207s] -- Using PYTHON_INCLUDE_DIRS: /usr/include/python3.8
[3.207s] -- Using PYTHON_LIBRARIES: /usr/lib/aarch64-linux-gnu/libpython3.8.so
[3.268s] -- Found PythonExtra: .so  
[3.370s] -- Found ament_cmake_flake8: 0.9.8 (/opt/ros/foxy/share/ament_cmake_flake8/cmake)
[3.373s] -- Found ament_cmake_pep257: 0.9.8 (/opt/ros/foxy/share/ament_cmake_pep257/cmake)
[3.379s] -- Found ament_lint_auto: 0.9.8 (/opt/ros/foxy/share/ament_lint_auto/cmake)
[3.409s] -- Added test 'copyright' to check source files copyright and LICENSE
[3.410s] -- Added test 'lint_cmake' to check CMake code style
[3.412s] -- Added test 'xmllint' to check XML markup files
[3.457s] -- Configuring done
[3.499s] -- Generating done
[3.504s] -- Build files have been written to: /home/moonbotj40/elian_stuff/my_dynamixel_repo/build/dyna_controller_messages
[3.677s] Invoked command in '/home/moonbotj40/elian_stuff/my_dynamixel_repo/build/dyna_controller_messages' returned '0': CMAKE_PREFIX_PATH=${CMAKE_PREFIX_PATH}:/home/moonbotj40/elian_stuff/my_dynamixel_repo/install/motor_controller:/opt/ros/foxy /usr/bin/cmake /home/moonbotj40/elian_stuff/my_dynamixel_repo/src/dyna_controller_messages -DAMENT_CMAKE_SYMLINK_INSTALL=1 -DCMAKE_INSTALL_PREFIX=/home/moonbotj40/elian_stuff/my_dynamixel_repo/install/dyna_controller_messages
[3.683s] Invoking command in '/home/moonbotj40/elian_stuff/my_dynamixel_repo/build/dyna_controller_messages': CMAKE_PREFIX_PATH=${CMAKE_PREFIX_PATH}:/home/moonbotj40/elian_stuff/my_dynamixel_repo/install/motor_controller:/opt/ros/foxy /usr/bin/cmake --build /home/moonbotj40/elian_stuff/my_dynamixel_repo/build/dyna_controller_messages -- -j8 -l8
[3.767s] [  3%] [34m[1mGenerating C code for ROS interfaces[0m
[3.767s] [35m[1mScanning dependencies of target dyna_controller_messages__cpp[0m
[3.789s] [  6%] [34m[1mGenerating C++ code for ROS interfaces[0m
[4.207s] [35m[1mScanning dependencies of target dyna_controller_messages__rosidl_generator_c[0m
[4.220s] [  6%] Built target dyna_controller_messages__cpp
[4.230s] [  9%] [32mBuilding C object CMakeFiles/dyna_controller_messages__rosidl_generator_c.dir/rosidl_generator_c/dyna_controller_messages/msg/detail/angle_time__functions.c.o[0m
[4.239s] [ 16%] [34m[1mGenerating C++ type support dispatch for ROS interfaces[0m
[4.239s] [ 16%] [34m[1mGenerating C++ introspection for ROS interfaces[0m
[4.239s] [ 19%] [34m[1mGenerating C++ type support for eProsima Fast-RTPS[0m
[4.330s] [ 22%] [32m[1mLinking C shared library libdyna_controller_messages__rosidl_generator_c.so[0m
[4.398s] [ 22%] Built target dyna_controller_messages__rosidl_generator_c
[4.419s] [ 29%] [34m[1mGenerating C type support dispatch for ROS interfaces[0m
[4.419s] [ 29%] [34m[1mGenerating C introspection for ROS interfaces[0m
[4.639s] [35m[1mScanning dependencies of target dyna_controller_messages__rosidl_typesupport_cpp[0m
[4.664s] [ 32%] [32mBuilding CXX object CMakeFiles/dyna_controller_messages__rosidl_typesupport_cpp.dir/rosidl_typesupport_cpp/dyna_controller_messages/msg/angle_time__type_support.cpp.o[0m
[4.671s] [35m[1mScanning dependencies of target dyna_controller_messages__rosidl_typesupport_introspection_cpp[0m
[4.683s] [35m[1mScanning dependencies of target dyna_controller_messages__rosidl_typesupport_fastrtps_cpp[0m
[4.696s] [ 35%] [32mBuilding CXX object CMakeFiles/dyna_controller_messages__rosidl_typesupport_introspection_cpp.dir/rosidl_typesupport_introspection_cpp/dyna_controller_messages/msg/detail/angle_time__type_support.cpp.o[0m
[4.710s] [ 38%] [32mBuilding CXX object CMakeFiles/dyna_controller_messages__rosidl_typesupport_fastrtps_cpp.dir/rosidl_typesupport_fastrtps_cpp/dyna_controller_messages/msg/detail/dds_fastrtps/angle_time__type_support.cpp.o[0m
[4.822s] [35m[1mScanning dependencies of target dyna_controller_messages__rosidl_typesupport_c[0m
[4.847s] [ 41%] [32mBuilding CXX object CMakeFiles/dyna_controller_messages__rosidl_typesupport_c.dir/rosidl_typesupport_c/dyna_controller_messages/msg/angle_time__type_support.cpp.o[0m
[4.867s] [35m[1mScanning dependencies of target dyna_controller_messages__rosidl_typesupport_introspection_c[0m
[4.892s] [ 45%] [32mBuilding C object CMakeFiles/dyna_controller_messages__rosidl_typesupport_introspection_c.dir/rosidl_typesupport_introspection_c/dyna_controller_messages/msg/detail/angle_time__type_support.c.o[0m
[4.913s] [ 48%] [32m[1mLinking CXX shared library libdyna_controller_messages__rosidl_typesupport_c.so[0m
[4.962s] [ 51%] [32m[1mLinking C shared library libdyna_controller_messages__rosidl_typesupport_introspection_c.so[0m
[4.991s] [ 51%] Built target dyna_controller_messages__rosidl_typesupport_c
[5.024s] [ 51%] Built target dyna_controller_messages__rosidl_typesupport_introspection_c
[5.295s] [ 54%] [32m[1mLinking CXX shared library libdyna_controller_messages__rosidl_typesupport_cpp.so[0m
[5.331s] [ 58%] [32m[1mLinking CXX shared library libdyna_controller_messages__rosidl_typesupport_introspection_cpp.so[0m
[5.372s] [ 58%] Built target dyna_controller_messages__rosidl_typesupport_cpp
[5.411s] [ 58%] Built target dyna_controller_messages__rosidl_typesupport_introspection_cpp
[5.621s] [ 61%] [32m[1mLinking CXX shared library libdyna_controller_messages__rosidl_typesupport_fastrtps_cpp.so[0m
[5.799s] [ 61%] Built target dyna_controller_messages__rosidl_typesupport_fastrtps_cpp
[5.821s] [ 64%] [34m[1mGenerating C type support for eProsima Fast-RTPS[0m
[6.240s] [35m[1mScanning dependencies of target dyna_controller_messages__rosidl_typesupport_fastrtps_c[0m
[6.267s] [ 67%] [32mBuilding CXX object CMakeFiles/dyna_controller_messages__rosidl_typesupport_fastrtps_c.dir/rosidl_typesupport_fastrtps_c/dyna_controller_messages/msg/detail/angle_time__type_support_c.cpp.o[0m
[7.009s] [ 70%] [32m[1mLinking CXX shared library libdyna_controller_messages__rosidl_typesupport_fastrtps_c.so[0m
[7.175s] [ 70%] Built target dyna_controller_messages__rosidl_typesupport_fastrtps_c
[7.195s] [35m[1mScanning dependencies of target dyna_controller_messages[0m
[7.215s] [ 70%] Built target dyna_controller_messages
[7.236s] [35m[1mScanning dependencies of target dyna_controller_messages__py[0m
[7.258s] [ 74%] [34m[1mGenerating Python code for ROS interfaces[0m
[7.986s] [ 74%] Built target dyna_controller_messages__py
[8.006s] [35m[1mScanning dependencies of target dyna_controller_messages__python[0m
[8.041s] [ 77%] [32mBuilding C object CMakeFiles/dyna_controller_messages__python.dir/rosidl_generator_py/dyna_controller_messages/msg/_angle_time_s.c.o[0m
[8.225s] [ 80%] [32m[1mLinking C shared library rosidl_generator_py/dyna_controller_messages/libdyna_controller_messages__python.so[0m
[8.301s] [ 80%] Built target dyna_controller_messages__python
[8.321s] [35m[1mScanning dependencies of target dyna_controller_messages__rosidl_typesupport_fastrtps_c__pyext[0m
[8.321s] [35m[1mScanning dependencies of target dyna_controller_messages__rosidl_typesupport_introspection_c__pyext[0m
[8.322s] [35m[1mScanning dependencies of target dyna_controller_messages__rosidl_typesupport_c__pyext[0m
[8.355s] [ 87%] [32mBuilding C object CMakeFiles/dyna_controller_messages__rosidl_typesupport_c__pyext.dir/rosidl_generator_py/dyna_controller_messages/_dyna_controller_messages_s.ep.rosidl_typesupport_c.c.o[0m
[8.355s] [ 87%] [32mBuilding C object CMakeFiles/dyna_controller_messages__rosidl_typesupport_introspection_c__pyext.dir/rosidl_generator_py/dyna_controller_messages/_dyna_controller_messages_s.ep.rosidl_typesupport_introspection_c.c.o[0m
[8.355s] [ 90%] [32mBuilding C object CMakeFiles/dyna_controller_messages__rosidl_typesupport_fastrtps_c__pyext.dir/rosidl_generator_py/dyna_controller_messages/_dyna_controller_messages_s.ep.rosidl_typesupport_fastrtps_c.c.o[0m
[8.514s] [100%] [32m[1mLinking CXX shared library rosidl_generator_py/dyna_controller_messages/dyna_controller_messages_s__rosidl_typesupport_fastrtps_c.cpython-38-aarch64-linux-gnu.so[0m
[8.515s] [100%] [32m[1mLinking C shared library rosidl_generator_py/dyna_controller_messages/dyna_controller_messages_s__rosidl_typesupport_c.cpython-38-aarch64-linux-gnu.so[0m
[8.515s] [100%] [32m[1mLinking C shared library rosidl_generator_py/dyna_controller_messages/dyna_controller_messages_s__rosidl_typesupport_introspection_c.cpython-38-aarch64-linux-gnu.so[0m
[8.585s] [100%] Built target dyna_controller_messages__rosidl_typesupport_introspection_c__pyext
[8.586s] [100%] Built target dyna_controller_messages__rosidl_typesupport_c__pyext
[8.632s] [100%] Built target dyna_controller_messages__rosidl_typesupport_fastrtps_c__pyext
[8.661s] Invoked command in '/home/moonbotj40/elian_stuff/my_dynamixel_repo/build/dyna_controller_messages' returned '0': CMAKE_PREFIX_PATH=${CMAKE_PREFIX_PATH}:/home/moonbotj40/elian_stuff/my_dynamixel_repo/install/motor_controller:/opt/ros/foxy /usr/bin/cmake --build /home/moonbotj40/elian_stuff/my_dynamixel_repo/build/dyna_controller_messages -- -j8 -l8
[8.784s] Invoking command in '/home/moonbotj40/elian_stuff/my_dynamixel_repo/build/dyna_controller_messages': CMAKE_PREFIX_PATH=${CMAKE_PREFIX_PATH}:/home/moonbotj40/elian_stuff/my_dynamixel_repo/install/motor_controller:/opt/ros/foxy /usr/bin/cmake --install /home/moonbotj40/elian_stuff/my_dynamixel_repo/build/dyna_controller_messages
[8.801s] -- Install configuration: ""
[8.802s] -- Execute custom install script
[8.803s] -- Symlinking: /home/moonbotj40/elian_stuff/my_dynamixel_repo/install/dyna_controller_messages/share/ament_index/resource_index/rosidl_interfaces/dyna_controller_messages
[8.822s] -- Symlinking: /home/moonbotj40/elian_stuff/my_dynamixel_repo/install/dyna_controller_messages/include/dyna_controller_messages/msg/angle_time.h
[8.839s] -- Symlinking: /home/moonbotj40/elian_stuff/my_dynamixel_repo/install/dyna_controller_messages/include/dyna_controller_messages/msg/detail/angle_time__functions.h
[8.858s] -- Symlinking: /home/moonbotj40/elian_stuff/my_dynamixel_repo/install/dyna_controller_messages/include/dyna_controller_messages/msg/detail/angle_time__struct.h
[8.875s] -- Symlinking: /home/moonbotj40/elian_stuff/my_dynamixel_repo/install/dyna_controller_messages/include/dyna_controller_messages/msg/detail/angle_time__type_support.h
[8.893s] -- Symlinking: /home/moonbotj40/elian_stuff/my_dynamixel_repo/install/dyna_controller_messages/include/dyna_controller_messages/msg/rosidl_generator_c__visibility_control.h
[8.911s] -- Symlinking: /home/moonbotj40/elian_stuff/my_dynamixel_repo/install/dyna_controller_messages/share/dyna_controller_messages/environment/library_path.sh
[8.929s] -- Symlinking: /home/moonbotj40/elian_stuff/my_dynamixel_repo/install/dyna_controller_messages/share/dyna_controller_messages/environment/library_path.dsv
[8.949s] -- Symlinking: /home/moonbotj40/elian_stuff/my_dynamixel_repo/install/dyna_controller_messages/include/dyna_controller_messages/msg/detail/angle_time__rosidl_typesupport_fastrtps_c.h
[8.967s] -- Symlinking: /home/moonbotj40/elian_stuff/my_dynamixel_repo/install/dyna_controller_messages/include/dyna_controller_messages/msg/rosidl_typesupport_fastrtps_c__visibility_control.h
[8.988s] -- Symlinking: /home/moonbotj40/elian_stuff/my_dynamixel_repo/install/dyna_controller_messages/lib/libdyna_controller_messages__rosidl_typesupport_fastrtps_c.so
[9.007s] -- Symlinking: /home/moonbotj40/elian_stuff/my_dynamixel_repo/install/dyna_controller_messages/include/dyna_controller_messages/msg/detail/angle_time__rosidl_typesupport_fastrtps_cpp.hpp
[9.027s] -- Symlinking: /home/moonbotj40/elian_stuff/my_dynamixel_repo/install/dyna_controller_messages/include/dyna_controller_messages/msg/rosidl_typesupport_fastrtps_cpp__visibility_control.h
[9.047s] -- Symlinking: /home/moonbotj40/elian_stuff/my_dynamixel_repo/install/dyna_controller_messages/lib/libdyna_controller_messages__rosidl_typesupport_fastrtps_cpp.so
[9.067s] -- Symlinking: /home/moonbotj40/elian_stuff/my_dynamixel_repo/install/dyna_controller_messages/include/dyna_controller_messages/msg/detail/angle_time__rosidl_typesupport_introspection_c.h
[9.085s] -- Symlinking: /home/moonbotj40/elian_stuff/my_dynamixel_repo/install/dyna_controller_messages/include/dyna_controller_messages/msg/rosidl_typesupport_introspection_c__visibility_control.h
[9.105s] -- Symlinking: /home/moonbotj40/elian_stuff/my_dynamixel_repo/install/dyna_controller_messages/include/dyna_controller_messages/msg/angle_time.hpp
[9.123s] -- Symlinking: /home/moonbotj40/elian_stuff/my_dynamixel_repo/install/dyna_controller_messages/include/dyna_controller_messages/msg/detail/angle_time__builder.hpp
[9.141s] -- Symlinking: /home/moonbotj40/elian_stuff/my_dynamixel_repo/install/dyna_controller_messages/include/dyna_controller_messages/msg/detail/angle_time__struct.hpp
[9.163s] -- Symlinking: /home/moonbotj40/elian_stuff/my_dynamixel_repo/install/dyna_controller_messages/include/dyna_controller_messages/msg/detail/angle_time__traits.hpp
[9.182s] -- Symlinking: /home/moonbotj40/elian_stuff/my_dynamixel_repo/install/dyna_controller_messages/include/dyna_controller_messages/msg/detail/angle_time__type_support.hpp
[9.201s] -- Symlinking: /home/moonbotj40/elian_stuff/my_dynamixel_repo/install/dyna_controller_messages/include/dyna_controller_messages/msg/rosidl_generator_cpp__visibility_control.hpp
[9.221s] -- Symlinking: /home/moonbotj40/elian_stuff/my_dynamixel_repo/install/dyna_controller_messages/include/dyna_controller_messages/msg/detail/angle_time__rosidl_typesupport_introspection_cpp.hpp
[9.241s] -- Symlinking: /home/moonbotj40/elian_stuff/my_dynamixel_repo/install/dyna_controller_messages/share/dyna_controller_messages/environment/pythonpath.sh
[9.258s] -- Symlinking: /home/moonbotj40/elian_stuff/my_dynamixel_repo/install/dyna_controller_messages/share/dyna_controller_messages/environment/pythonpath.dsv
[9.277s] -- Symlinking: /home/moonbotj40/elian_stuff/my_dynamixel_repo/install/dyna_controller_messages/lib/python3.8/site-packages/dyna_controller_messages/__init__.py
[9.301s] -- Symlinking: /home/moonbotj40/elian_stuff/my_dynamixel_repo/install/dyna_controller_messages/lib/python3.8/site-packages/dyna_controller_messages/msg/__init__.py
[9.319s] -- Symlinking: /home/moonbotj40/elian_stuff/my_dynamixel_repo/install/dyna_controller_messages/lib/python3.8/site-packages/dyna_controller_messages/msg/_angle_time.py
[9.339s] -- Symlinking: /home/moonbotj40/elian_stuff/my_dynamixel_repo/install/dyna_controller_messages/lib/python3.8/site-packages/dyna_controller_messages/dyna_controller_messages_s__rosidl_typesupport_fastrtps_c.cpython-38-aarch64-linux-gnu.so
[9.357s] -- Symlinking: /home/moonbotj40/elian_stuff/my_dynamixel_repo/install/dyna_controller_messages/lib/python3.8/site-packages/dyna_controller_messages/dyna_controller_messages_s__rosidl_typesupport_introspection_c.cpython-38-aarch64-linux-gnu.so
[9.376s] -- Symlinking: /home/moonbotj40/elian_stuff/my_dynamixel_repo/install/dyna_controller_messages/lib/python3.8/site-packages/dyna_controller_messages/dyna_controller_messages_s__rosidl_typesupport_c.cpython-38-aarch64-linux-gnu.so
[9.397s] -- Symlinking: /home/moonbotj40/elian_stuff/my_dynamixel_repo/install/dyna_controller_messages/lib/libdyna_controller_messages__python.so
[9.416s] -- Symlinking: /home/moonbotj40/elian_stuff/my_dynamixel_repo/install/dyna_controller_messages/share/dyna_controller_messages/msg/AngleTime.idl
[9.435s] -- Symlinking: /home/moonbotj40/elian_stuff/my_dynamixel_repo/install/dyna_controller_messages/share/dyna_controller_messages/msg/AngleTime.msg
[9.455s] -- Symlinking: /home/moonbotj40/elian_stuff/my_dynamixel_repo/install/dyna_controller_messages/share/ament_index/resource_index/package_run_dependencies/dyna_controller_messages
[9.474s] -- Symlinking: /home/moonbotj40/elian_stuff/my_dynamixel_repo/install/dyna_controller_messages/share/ament_index/resource_index/parent_prefix_path/dyna_controller_messages
[9.494s] -- Symlinking: /home/moonbotj40/elian_stuff/my_dynamixel_repo/install/dyna_controller_messages/share/dyna_controller_messages/environment/ament_prefix_path.sh
[9.512s] -- Symlinking: /home/moonbotj40/elian_stuff/my_dynamixel_repo/install/dyna_controller_messages/share/dyna_controller_messages/environment/ament_prefix_path.dsv
[9.530s] -- Symlinking: /home/moonbotj40/elian_stuff/my_dynamixel_repo/install/dyna_controller_messages/share/dyna_controller_messages/environment/path.sh
[9.550s] -- Symlinking: /home/moonbotj40/elian_stuff/my_dynamixel_repo/install/dyna_controller_messages/share/dyna_controller_messages/environment/path.dsv
[9.568s] -- Symlinking: /home/moonbotj40/elian_stuff/my_dynamixel_repo/install/dyna_controller_messages/share/dyna_controller_messages/local_setup.bash
[9.587s] -- Symlinking: /home/moonbotj40/elian_stuff/my_dynamixel_repo/install/dyna_controller_messages/share/dyna_controller_messages/local_setup.sh
[9.606s] -- Symlinking: /home/moonbotj40/elian_stuff/my_dynamixel_repo/install/dyna_controller_messages/share/dyna_controller_messages/local_setup.zsh
[9.625s] -- Symlinking: /home/moonbotj40/elian_stuff/my_dynamixel_repo/install/dyna_controller_messages/share/dyna_controller_messages/local_setup.dsv
[9.648s] -- Symlinking: /home/moonbotj40/elian_stuff/my_dynamixel_repo/install/dyna_controller_messages/share/dyna_controller_messages/package.dsv
[9.668s] -- Symlinking: /home/moonbotj40/elian_stuff/my_dynamixel_repo/install/dyna_controller_messages/share/ament_index/resource_index/packages/dyna_controller_messages
[9.688s] -- Symlinking: /home/moonbotj40/elian_stuff/my_dynamixel_repo/install/dyna_controller_messages/share/dyna_controller_messages/cmake/rosidl_cmake-extras.cmake
[9.706s] -- Symlinking: /home/moonbotj40/elian_stuff/my_dynamixel_repo/install/dyna_controller_messages/share/dyna_controller_messages/cmake/ament_cmake_export_dependencies-extras.cmake
[9.726s] -- Symlinking: /home/moonbotj40/elian_stuff/my_dynamixel_repo/install/dyna_controller_messages/share/dyna_controller_messages/cmake/ament_cmake_export_libraries-extras.cmake
[9.745s] -- Symlinking: /home/moonbotj40/elian_stuff/my_dynamixel_repo/install/dyna_controller_messages/share/dyna_controller_messages/cmake/ament_cmake_export_targets-extras.cmake
[9.768s] -- Symlinking: /home/moonbotj40/elian_stuff/my_dynamixel_repo/install/dyna_controller_messages/share/dyna_controller_messages/cmake/ament_cmake_export_include_directories-extras.cmake
[9.787s] -- Symlinking: /home/moonbotj40/elian_stuff/my_dynamixel_repo/install/dyna_controller_messages/share/dyna_controller_messages/cmake/rosidl_cmake_export_typesupport_libraries-extras.cmake
[9.805s] -- Symlinking: /home/moonbotj40/elian_stuff/my_dynamixel_repo/install/dyna_controller_messages/share/dyna_controller_messages/cmake/rosidl_cmake_export_typesupport_targets-extras.cmake
[9.827s] -- Symlinking: /home/moonbotj40/elian_stuff/my_dynamixel_repo/install/dyna_controller_messages/share/dyna_controller_messages/cmake/dyna_controller_messagesConfig.cmake
[9.844s] -- Symlinking: /home/moonbotj40/elian_stuff/my_dynamixel_repo/install/dyna_controller_messages/share/dyna_controller_messages/cmake/dyna_controller_messagesConfig-version.cmake
[9.867s] -- Symlinking: /home/moonbotj40/elian_stuff/my_dynamixel_repo/install/dyna_controller_messages/share/dyna_controller_messages/package.xml
[9.885s] -- Installing: /home/moonbotj40/elian_stuff/my_dynamixel_repo/install/dyna_controller_messages/lib/libdyna_controller_messages__rosidl_generator_c.so
[9.886s] -- Set runtime path of "/home/moonbotj40/elian_stuff/my_dynamixel_repo/install/dyna_controller_messages/lib/libdyna_controller_messages__rosidl_generator_c.so" to ""
[9.887s] -- Installing: /home/moonbotj40/elian_stuff/my_dynamixel_repo/install/dyna_controller_messages/lib/libdyna_controller_messages__rosidl_typesupport_introspection_c.so
[9.888s] -- Set runtime path of "/home/moonbotj40/elian_stuff/my_dynamixel_repo/install/dyna_controller_messages/lib/libdyna_controller_messages__rosidl_typesupport_introspection_c.so" to ""
[9.888s] -- Installing: /home/moonbotj40/elian_stuff/my_dynamixel_repo/install/dyna_controller_messages/lib/libdyna_controller_messages__rosidl_typesupport_c.so
[9.889s] -- Set runtime path of "/home/moonbotj40/elian_stuff/my_dynamixel_repo/install/dyna_controller_messages/lib/libdyna_controller_messages__rosidl_typesupport_c.so" to ""
[9.889s] -- Installing: /home/moonbotj40/elian_stuff/my_dynamixel_repo/install/dyna_controller_messages/lib/libdyna_controller_messages__rosidl_typesupport_introspection_cpp.so
[9.890s] -- Set runtime path of "/home/moonbotj40/elian_stuff/my_dynamixel_repo/install/dyna_controller_messages/lib/libdyna_controller_messages__rosidl_typesupport_introspection_cpp.so" to ""
[9.890s] -- Installing: /home/moonbotj40/elian_stuff/my_dynamixel_repo/install/dyna_controller_messages/lib/libdyna_controller_messages__rosidl_typesupport_cpp.so
[9.891s] -- Set runtime path of "/home/moonbotj40/elian_stuff/my_dynamixel_repo/install/dyna_controller_messages/lib/libdyna_controller_messages__rosidl_typesupport_cpp.so" to ""
[9.954s] Compiling '/home/moonbotj40/elian_stuff/my_dynamixel_repo/install/dyna_controller_messages/lib/python3.8/site-packages/dyna_controller_messages/__init__.py'...
[9.964s] -- Installing: /home/moonbotj40/elian_stuff/my_dynamixel_repo/install/dyna_controller_messages/share/dyna_controller_messages/cmake/dyna_controller_messages__rosidl_generator_cExport.cmake
[9.964s] -- Installing: /home/moonbotj40/elian_stuff/my_dynamixel_repo/install/dyna_controller_messages/share/dyna_controller_messages/cmake/dyna_controller_messages__rosidl_generator_cExport-noconfig.cmake
[9.964s] -- Installing: /home/moonbotj40/elian_stuff/my_dynamixel_repo/install/dyna_controller_messages/share/dyna_controller_messages/cmake/dyna_controller_messages__rosidl_typesupport_introspection_cExport.cmake
[9.965s] -- Installing: /home/moonbotj40/elian_stuff/my_dynamixel_repo/install/dyna_controller_messages/share/dyna_controller_messages/cmake/dyna_controller_messages__rosidl_typesupport_introspection_cExport-noconfig.cmake
[9.965s] -- Installing: /home/moonbotj40/elian_stuff/my_dynamixel_repo/install/dyna_controller_messages/share/dyna_controller_messages/cmake/dyna_controller_messages__rosidl_typesupport_cExport.cmake
[9.966s] -- Installing: /home/moonbotj40/elian_stuff/my_dynamixel_repo/install/dyna_controller_messages/share/dyna_controller_messages/cmake/dyna_controller_messages__rosidl_typesupport_cExport-noconfig.cmake
[9.966s] -- Installing: /home/moonbotj40/elian_stuff/my_dynamixel_repo/install/dyna_controller_messages/share/dyna_controller_messages/cmake/dyna_controller_messages__rosidl_generator_cppExport.cmake
[9.967s] -- Installing: /home/moonbotj40/elian_stuff/my_dynamixel_repo/install/dyna_controller_messages/share/dyna_controller_messages/cmake/dyna_controller_messages__rosidl_typesupport_introspection_cppExport.cmake
[9.967s] -- Installing: /home/moonbotj40/elian_stuff/my_dynamixel_repo/install/dyna_controller_messages/share/dyna_controller_messages/cmake/dyna_controller_messages__rosidl_typesupport_introspection_cppExport-noconfig.cmake
[9.968s] -- Installing: /home/moonbotj40/elian_stuff/my_dynamixel_repo/install/dyna_controller_messages/share/dyna_controller_messages/cmake/dyna_controller_messages__rosidl_typesupport_cppExport.cmake
[9.969s] -- Installing: /home/moonbotj40/elian_stuff/my_dynamixel_repo/install/dyna_controller_messages/share/dyna_controller_messages/cmake/dyna_controller_messages__rosidl_typesupport_cppExport-noconfig.cmake
[9.977s] Invoked command in '/home/moonbotj40/elian_stuff/my_dynamixel_repo/build/dyna_controller_messages' returned '0': CMAKE_PREFIX_PATH=${CMAKE_PREFIX_PATH}:/home/moonbotj40/elian_stuff/my_dynamixel_repo/install/motor_controller:/opt/ros/foxy /usr/bin/cmake --install /home/moonbotj40/elian_stuff/my_dynamixel_repo/build/dyna_controller_messages
