[5.417s] DEBUG:colcon:Command line arguments: ['/usr/bin/colcon', 'build', '--symlink-install', '--packages-select', 'motor_controller']
[5.417s] DEBUG:colcon:Parsed command line arguments: Namespace(allow_overriding=[], ament_cmake_args=None, base_paths=['.'], build_base='build', catkin_cmake_args=None, catkin_skip_building_tests=False, cmake_args=None, cmake_clean_cache=False, cmake_clean_first=False, cmake_force_configure=False, cmake_target=None, cmake_target_skip_unavailable=False, continue_on_error=False, event_handlers=None, executor='parallel', ignore_user_meta=False, install_base='install', log_base=None, log_level=None, main=<bound method BuildVerb.main of <colcon_core.verb.build.BuildVerb object at 0xffff9e660670>>, merge_install=False, metas=['./colcon.meta'], packages_above=None, packages_above_and_dependencies=None, packages_above_depth=None, packages_end=None, packages_ignore=None, packages_ignore_regex=None, packages_select=['motor_controller'], packages_select_build_failed=False, packages_select_by_dep=None, packages_select_regex=None, packages_select_test_failures=False, packages_skip=None, packages_skip_build_finished=False, packages_skip_by_dep=None, packages_skip_regex=None, packages_skip_test_passed=False, packages_skip_up_to=None, packages_start=None, packages_up_to=None, packages_up_to_regex=None, parallel_workers=8, paths=None, symlink_install=True, test_result_base=None, verb_extension=<colcon_core.verb.build.BuildVerb object at 0xffff9e660670>, verb_name='build', verb_parser=<colcon_defaults.argument_parser.defaults.DefaultArgumentsDecorator object at 0xffff9e660700>)
[5.629s] Level 1:colcon.colcon_core.package_discovery:discover_packages(colcon_meta) check parameters
[5.629s] Level 1:colcon.colcon_core.package_discovery:discover_packages(recursive) check parameters
[5.629s] Level 1:colcon.colcon_core.package_discovery:discover_packages(ignore) check parameters
[5.630s] Level 1:colcon.colcon_core.package_discovery:discover_packages(path) check parameters
[5.630s] Level 1:colcon.colcon_core.package_discovery:discover_packages(colcon_meta) discover
[5.630s] Level 1:colcon.colcon_core.package_discovery:discover_packages(recursive) discover
[5.630s] INFO:colcon.colcon_core.package_discovery:Crawling recursively for packages in '/home/moonbotj40/elian_stuff/my_dynamixel_repo'
[5.630s] Level 1:colcon.colcon_core.package_identification:_identify(.) by extensions ['ignore', 'ignore_ament_install']
[5.630s] Level 1:colcon.colcon_core.package_identification:_identify(.) by extension 'ignore'
[5.631s] Level 1:colcon.colcon_core.package_identification:_identify(.) by extension 'ignore_ament_install'
[5.631s] Level 1:colcon.colcon_core.package_identification:_identify(.) by extensions ['colcon_pkg']
[5.631s] Level 1:colcon.colcon_core.package_identification:_identify(.) by extension 'colcon_pkg'
[5.631s] Level 1:colcon.colcon_core.package_identification:_identify(.) by extensions ['colcon_meta']
[5.631s] Level 1:colcon.colcon_core.package_identification:_identify(.) by extension 'colcon_meta'
[5.631s] Level 1:colcon.colcon_core.package_identification:_identify(.) by extensions ['ros']
[5.631s] Level 1:colcon.colcon_core.package_identification:_identify(.) by extension 'ros'
[5.657s] Level 1:colcon.colcon_core.package_identification:_identify(.) by extensions ['cmake', 'python']
[5.657s] Level 1:colcon.colcon_core.package_identification:_identify(.) by extension 'cmake'
[5.657s] Level 1:colcon.colcon_core.package_identification:_identify(.) by extension 'python'
[5.657s] Level 1:colcon.colcon_core.package_identification:_identify(.) by extensions ['python_setup_py']
[5.658s] Level 1:colcon.colcon_core.package_identification:_identify(.) by extension 'python_setup_py'
[5.658s] Level 1:colcon.colcon_core.package_identification:_identify(build) by extensions ['ignore', 'ignore_ament_install']
[5.658s] Level 1:colcon.colcon_core.package_identification:_identify(build) by extension 'ignore'
[5.658s] Level 1:colcon.colcon_core.package_identification:_identify(build) ignored
[5.659s] Level 1:colcon.colcon_core.package_identification:_identify(install) by extensions ['ignore', 'ignore_ament_install']
[5.659s] Level 1:colcon.colcon_core.package_identification:_identify(install) by extension 'ignore'
[5.659s] Level 1:colcon.colcon_core.package_identification:_identify(install) ignored
[5.659s] Level 1:colcon.colcon_core.package_identification:_identify(log) by extensions ['ignore', 'ignore_ament_install']
[5.659s] Level 1:colcon.colcon_core.package_identification:_identify(log) by extension 'ignore'
[5.659s] Level 1:colcon.colcon_core.package_identification:_identify(log) ignored
[5.660s] Level 1:colcon.colcon_core.package_identification:_identify(pure_python_tests) by extensions ['ignore', 'ignore_ament_install']
[5.660s] Level 1:colcon.colcon_core.package_identification:_identify(pure_python_tests) by extension 'ignore'
[5.660s] Level 1:colcon.colcon_core.package_identification:_identify(pure_python_tests) by extension 'ignore_ament_install'
[5.660s] Level 1:colcon.colcon_core.package_identification:_identify(pure_python_tests) by extensions ['colcon_pkg']
[5.660s] Level 1:colcon.colcon_core.package_identification:_identify(pure_python_tests) by extension 'colcon_pkg'
[5.660s] Level 1:colcon.colcon_core.package_identification:_identify(pure_python_tests) by extensions ['colcon_meta']
[5.660s] Level 1:colcon.colcon_core.package_identification:_identify(pure_python_tests) by extension 'colcon_meta'
[5.660s] Level 1:colcon.colcon_core.package_identification:_identify(pure_python_tests) by extensions ['ros']
[5.661s] Level 1:colcon.colcon_core.package_identification:_identify(pure_python_tests) by extension 'ros'
[5.661s] Level 1:colcon.colcon_core.package_identification:_identify(pure_python_tests) by extensions ['cmake', 'python']
[5.661s] Level 1:colcon.colcon_core.package_identification:_identify(pure_python_tests) by extension 'cmake'
[5.661s] Level 1:colcon.colcon_core.package_identification:_identify(pure_python_tests) by extension 'python'
[5.661s] Level 1:colcon.colcon_core.package_identification:_identify(pure_python_tests) by extensions ['python_setup_py']
[5.661s] Level 1:colcon.colcon_core.package_identification:_identify(pure_python_tests) by extension 'python_setup_py'
[5.661s] Level 1:colcon.colcon_core.package_identification:_identify(pure_python_tests/dynamixel_sdk) by extensions ['ignore', 'ignore_ament_install']
[5.662s] Level 1:colcon.colcon_core.package_identification:_identify(pure_python_tests/dynamixel_sdk) by extension 'ignore'
[5.662s] Level 1:colcon.colcon_core.package_identification:_identify(pure_python_tests/dynamixel_sdk) by extension 'ignore_ament_install'
[5.662s] Level 1:colcon.colcon_core.package_identification:_identify(pure_python_tests/dynamixel_sdk) by extensions ['colcon_pkg']
[5.662s] Level 1:colcon.colcon_core.package_identification:_identify(pure_python_tests/dynamixel_sdk) by extension 'colcon_pkg'
[5.662s] Level 1:colcon.colcon_core.package_identification:_identify(pure_python_tests/dynamixel_sdk) by extensions ['colcon_meta']
[5.662s] Level 1:colcon.colcon_core.package_identification:_identify(pure_python_tests/dynamixel_sdk) by extension 'colcon_meta'
[5.662s] Level 1:colcon.colcon_core.package_identification:_identify(pure_python_tests/dynamixel_sdk) by extensions ['ros']
[5.662s] Level 1:colcon.colcon_core.package_identification:_identify(pure_python_tests/dynamixel_sdk) by extension 'ros'
[5.662s] Level 1:colcon.colcon_core.package_identification:_identify(pure_python_tests/dynamixel_sdk) by extensions ['cmake', 'python']
[5.662s] Level 1:colcon.colcon_core.package_identification:_identify(pure_python_tests/dynamixel_sdk) by extension 'cmake'
[5.663s] Level 1:colcon.colcon_core.package_identification:_identify(pure_python_tests/dynamixel_sdk) by extension 'python'
[5.663s] Level 1:colcon.colcon_core.package_identification:_identify(pure_python_tests/dynamixel_sdk) by extensions ['python_setup_py']
[5.663s] Level 1:colcon.colcon_core.package_identification:_identify(pure_python_tests/dynamixel_sdk) by extension 'python_setup_py'
[5.663s] Level 1:colcon.colcon_core.package_identification:_identify(pure_python_tests/dynamixel_sdk/__pycache__) by extensions ['ignore', 'ignore_ament_install']
[5.663s] Level 1:colcon.colcon_core.package_identification:_identify(pure_python_tests/dynamixel_sdk/__pycache__) by extension 'ignore'
[5.663s] Level 1:colcon.colcon_core.package_identification:_identify(pure_python_tests/dynamixel_sdk/__pycache__) by extension 'ignore_ament_install'
[5.663s] Level 1:colcon.colcon_core.package_identification:_identify(pure_python_tests/dynamixel_sdk/__pycache__) by extensions ['colcon_pkg']
[5.663s] Level 1:colcon.colcon_core.package_identification:_identify(pure_python_tests/dynamixel_sdk/__pycache__) by extension 'colcon_pkg'
[5.664s] Level 1:colcon.colcon_core.package_identification:_identify(pure_python_tests/dynamixel_sdk/__pycache__) by extensions ['colcon_meta']
[5.664s] Level 1:colcon.colcon_core.package_identification:_identify(pure_python_tests/dynamixel_sdk/__pycache__) by extension 'colcon_meta'
[5.664s] Level 1:colcon.colcon_core.package_identification:_identify(pure_python_tests/dynamixel_sdk/__pycache__) by extensions ['ros']
[5.664s] Level 1:colcon.colcon_core.package_identification:_identify(pure_python_tests/dynamixel_sdk/__pycache__) by extension 'ros'
[5.664s] Level 1:colcon.colcon_core.package_identification:_identify(pure_python_tests/dynamixel_sdk/__pycache__) by extensions ['cmake', 'python']
[5.664s] Level 1:colcon.colcon_core.package_identification:_identify(pure_python_tests/dynamixel_sdk/__pycache__) by extension 'cmake'
[5.664s] Level 1:colcon.colcon_core.package_identification:_identify(pure_python_tests/dynamixel_sdk/__pycache__) by extension 'python'
[5.664s] Level 1:colcon.colcon_core.package_identification:_identify(pure_python_tests/dynamixel_sdk/__pycache__) by extensions ['python_setup_py']
[5.664s] Level 1:colcon.colcon_core.package_identification:_identify(pure_python_tests/dynamixel_sdk/__pycache__) by extension 'python_setup_py'
[5.665s] Level 1:colcon.colcon_core.package_identification:_identify(pure_python_tests/protocol2_0) by extensions ['ignore', 'ignore_ament_install']
[5.665s] Level 1:colcon.colcon_core.package_identification:_identify(pure_python_tests/protocol2_0) by extension 'ignore'
[5.665s] Level 1:colcon.colcon_core.package_identification:_identify(pure_python_tests/protocol2_0) by extension 'ignore_ament_install'
[5.665s] Level 1:colcon.colcon_core.package_identification:_identify(pure_python_tests/protocol2_0) by extensions ['colcon_pkg']
[5.665s] Level 1:colcon.colcon_core.package_identification:_identify(pure_python_tests/protocol2_0) by extension 'colcon_pkg'
[5.665s] Level 1:colcon.colcon_core.package_identification:_identify(pure_python_tests/protocol2_0) by extensions ['colcon_meta']
[5.665s] Level 1:colcon.colcon_core.package_identification:_identify(pure_python_tests/protocol2_0) by extension 'colcon_meta'
[5.665s] Level 1:colcon.colcon_core.package_identification:_identify(pure_python_tests/protocol2_0) by extensions ['ros']
[5.665s] Level 1:colcon.colcon_core.package_identification:_identify(pure_python_tests/protocol2_0) by extension 'ros'
[5.666s] Level 1:colcon.colcon_core.package_identification:_identify(pure_python_tests/protocol2_0) by extensions ['cmake', 'python']
[5.666s] Level 1:colcon.colcon_core.package_identification:_identify(pure_python_tests/protocol2_0) by extension 'cmake'
[5.666s] Level 1:colcon.colcon_core.package_identification:_identify(pure_python_tests/protocol2_0) by extension 'python'
[5.666s] Level 1:colcon.colcon_core.package_identification:_identify(pure_python_tests/protocol2_0) by extensions ['python_setup_py']
[5.666s] Level 1:colcon.colcon_core.package_identification:_identify(pure_python_tests/protocol2_0) by extension 'python_setup_py'
[5.666s] Level 1:colcon.colcon_core.package_identification:_identify(src) by extensions ['ignore', 'ignore_ament_install']
[5.666s] Level 1:colcon.colcon_core.package_identification:_identify(src) by extension 'ignore'
[5.666s] Level 1:colcon.colcon_core.package_identification:_identify(src) by extension 'ignore_ament_install'
[5.666s] Level 1:colcon.colcon_core.package_identification:_identify(src) by extensions ['colcon_pkg']
[5.667s] Level 1:colcon.colcon_core.package_identification:_identify(src) by extension 'colcon_pkg'
[5.667s] Level 1:colcon.colcon_core.package_identification:_identify(src) by extensions ['colcon_meta']
[5.667s] Level 1:colcon.colcon_core.package_identification:_identify(src) by extension 'colcon_meta'
[5.667s] Level 1:colcon.colcon_core.package_identification:_identify(src) by extensions ['ros']
[5.667s] Level 1:colcon.colcon_core.package_identification:_identify(src) by extension 'ros'
[5.667s] Level 1:colcon.colcon_core.package_identification:_identify(src) by extensions ['cmake', 'python']
[5.667s] Level 1:colcon.colcon_core.package_identification:_identify(src) by extension 'cmake'
[5.667s] Level 1:colcon.colcon_core.package_identification:_identify(src) by extension 'python'
[5.667s] Level 1:colcon.colcon_core.package_identification:_identify(src) by extensions ['python_setup_py']
[5.667s] Level 1:colcon.colcon_core.package_identification:_identify(src) by extension 'python_setup_py'
[5.668s] Level 1:colcon.colcon_core.package_identification:_identify(src/dyna_controller_messages) by extensions ['ignore', 'ignore_ament_install']
[5.668s] Level 1:colcon.colcon_core.package_identification:_identify(src/dyna_controller_messages) by extension 'ignore'
[5.668s] Level 1:colcon.colcon_core.package_identification:_identify(src/dyna_controller_messages) by extension 'ignore_ament_install'
[5.668s] Level 1:colcon.colcon_core.package_identification:_identify(src/dyna_controller_messages) by extensions ['colcon_pkg']
[5.668s] Level 1:colcon.colcon_core.package_identification:_identify(src/dyna_controller_messages) by extension 'colcon_pkg'
[5.668s] Level 1:colcon.colcon_core.package_identification:_identify(src/dyna_controller_messages) by extensions ['colcon_meta']
[5.668s] Level 1:colcon.colcon_core.package_identification:_identify(src/dyna_controller_messages) by extension 'colcon_meta'
[5.668s] Level 1:colcon.colcon_core.package_identification:_identify(src/dyna_controller_messages) by extensions ['ros']
[5.668s] Level 1:colcon.colcon_core.package_identification:_identify(src/dyna_controller_messages) by extension 'ros'
[5.675s] DEBUG:colcon.colcon_core.package_identification:Package 'src/dyna_controller_messages' with type 'ros.ament_cmake' and name 'dyna_controller_messages'
[5.675s] Level 1:colcon.colcon_core.package_identification:_identify(src/motor_controller) by extensions ['ignore', 'ignore_ament_install']
[5.676s] Level 1:colcon.colcon_core.package_identification:_identify(src/motor_controller) by extension 'ignore'
[5.676s] Level 1:colcon.colcon_core.package_identification:_identify(src/motor_controller) by extension 'ignore_ament_install'
[5.676s] Level 1:colcon.colcon_core.package_identification:_identify(src/motor_controller) by extensions ['colcon_pkg']
[5.676s] Level 1:colcon.colcon_core.package_identification:_identify(src/motor_controller) by extension 'colcon_pkg'
[5.676s] Level 1:colcon.colcon_core.package_identification:_identify(src/motor_controller) by extensions ['colcon_meta']
[5.676s] Level 1:colcon.colcon_core.package_identification:_identify(src/motor_controller) by extension 'colcon_meta'
[5.676s] Level 1:colcon.colcon_core.package_identification:_identify(src/motor_controller) by extensions ['ros']
[5.676s] Level 1:colcon.colcon_core.package_identification:_identify(src/motor_controller) by extension 'ros'
[5.678s] DEBUG:colcon.colcon_core.package_identification:Package 'src/motor_controller' with type 'ros.ament_python' and name 'motor_controller'
[5.678s] Level 1:colcon.colcon_core.package_discovery:discover_packages(recursive) using defaults
[5.678s] Level 1:colcon.colcon_core.package_discovery:discover_packages(ignore) discover
[5.678s] Level 1:colcon.colcon_core.package_discovery:discover_packages(ignore) using defaults
[5.678s] Level 1:colcon.colcon_core.package_discovery:discover_packages(path) discover
[5.678s] Level 1:colcon.colcon_core.package_discovery:discover_packages(path) using defaults
[6.001s] INFO:colcon.colcon_core.package_selection:Skipping not selected package 'dyna_controller_messages' in 'src/dyna_controller_messages'
[6.205s] Level 1:colcon.colcon_core.package_discovery:discover_packages(prefix_path) check parameters
[6.205s] Level 1:colcon.colcon_core.package_discovery:discover_packages(prefix_path) discover
[6.432s] DEBUG:colcon.colcon_installed_package_information.package_discovery:Found 2 installed packages in /home/moonbotj40/elian_stuff/my_dynamixel_repo/install
[6.513s] DEBUG:colcon.colcon_installed_package_information.package_discovery:Found 257 installed packages in /opt/ros/foxy
[6.516s] Level 1:colcon.colcon_core.package_discovery:discover_packages(prefix_path) using defaults
[6.826s] Level 5:colcon.colcon_core.verb:set package 'motor_controller' build argument 'cmake_args' from command line to 'None'
[6.826s] Level 5:colcon.colcon_core.verb:set package 'motor_controller' build argument 'cmake_target' from command line to 'None'
[6.826s] Level 5:colcon.colcon_core.verb:set package 'motor_controller' build argument 'cmake_target_skip_unavailable' from command line to 'False'
[6.826s] Level 5:colcon.colcon_core.verb:set package 'motor_controller' build argument 'cmake_clean_cache' from command line to 'False'
[6.826s] Level 5:colcon.colcon_core.verb:set package 'motor_controller' build argument 'cmake_clean_first' from command line to 'False'
[6.826s] Level 5:colcon.colcon_core.verb:set package 'motor_controller' build argument 'cmake_force_configure' from command line to 'False'
[6.827s] Level 5:colcon.colcon_core.verb:set package 'motor_controller' build argument 'ament_cmake_args' from command line to 'None'
[6.827s] Level 5:colcon.colcon_core.verb:set package 'motor_controller' build argument 'catkin_cmake_args' from command line to 'None'
[6.827s] Level 5:colcon.colcon_core.verb:set package 'motor_controller' build argument 'catkin_skip_building_tests' from command line to 'False'
[6.827s] DEBUG:colcon.colcon_core.verb:Building package 'motor_controller' with the following arguments: {'ament_cmake_args': None, 'build_base': '/home/moonbotj40/elian_stuff/my_dynamixel_repo/build/motor_controller', 'catkin_cmake_args': None, 'catkin_skip_building_tests': False, 'cmake_args': None, 'cmake_clean_cache': False, 'cmake_clean_first': False, 'cmake_force_configure': False, 'cmake_target': None, 'cmake_target_skip_unavailable': False, 'install_base': '/home/moonbotj40/elian_stuff/my_dynamixel_repo/install/motor_controller', 'merge_install': False, 'path': '/home/moonbotj40/elian_stuff/my_dynamixel_repo/src/motor_controller', 'symlink_install': True, 'test_result_base': None}
[6.907s] INFO:colcon.colcon_core.executor:Executing jobs using 'parallel' executor
[6.990s] DEBUG:colcon.colcon_parallel_executor.executor.parallel:run_until_complete
[6.991s] INFO:colcon.colcon_ros.task.ament_python.build:Building ROS package in '/home/moonbotj40/elian_stuff/my_dynamixel_repo/src/motor_controller' with build type 'ament_python'
[6.992s] Level 1:colcon.colcon_core.shell:create_environment_hook('motor_controller', 'ament_prefix_path')
[7.140s] INFO:colcon.colcon_core.plugin_system:Skipping extension 'colcon_core.shell.bat': Not used on non-Windows systems
[7.141s] INFO:colcon.colcon_core.shell:Creating environment hook '/home/moonbotj40/elian_stuff/my_dynamixel_repo/install/motor_controller/share/motor_controller/hook/ament_prefix_path.ps1'
[7.143s] INFO:colcon.colcon_core.shell:Creating environment descriptor '/home/moonbotj40/elian_stuff/my_dynamixel_repo/install/motor_controller/share/motor_controller/hook/ament_prefix_path.dsv'
[7.144s] INFO:colcon.colcon_core.shell:Creating environment hook '/home/moonbotj40/elian_stuff/my_dynamixel_repo/install/motor_controller/share/motor_controller/hook/ament_prefix_path.sh'
[7.235s] INFO:colcon.colcon_core.shell:Skip shell extension 'powershell' for command environment: Not usable outside of PowerShell
[7.235s] DEBUG:colcon.colcon_core.shell:Skip shell extension 'dsv' for command environment
[8.065s] INFO:colcon.colcon_core.task.python.build:Building Python package in '/home/moonbotj40/elian_stuff/my_dynamixel_repo/src/motor_controller'
[8.151s] INFO:colcon.colcon_core.shell:Skip shell extension 'powershell' for command environment: Not usable outside of PowerShell
[8.152s] DEBUG:colcon.colcon_core.shell:Skip shell extension 'dsv' for command environment
[9.321s] DEBUG:colcon.colcon_core.event_handler.log_command:Invoking command in '/home/moonbotj40/elian_stuff/my_dynamixel_repo/build/motor_controller': PYTHONPATH=/home/moonbotj40/elian_stuff/my_dynamixel_repo/build/motor_controller/prefix_override:/home/moonbotj40/elian_stuff/my_dynamixel_repo/install/motor_controller/lib/python3.8/site-packages:${PYTHONPATH} /usr/bin/python3 setup.py develop --editable --build-directory /home/moonbotj40/elian_stuff/my_dynamixel_repo/build/motor_controller/build --no-deps install_data
[10.421s] Level 1:colcon.colcon_core.shell:create_environment_hook('motor_controller', 'pythonpath_develop')
[10.428s] DEBUG:colcon.colcon_core.event_handler.log_command:Invoked command in '/home/moonbotj40/elian_stuff/my_dynamixel_repo/build/motor_controller' returned '0': PYTHONPATH=/home/moonbotj40/elian_stuff/my_dynamixel_repo/build/motor_controller/prefix_override:/home/moonbotj40/elian_stuff/my_dynamixel_repo/install/motor_controller/lib/python3.8/site-packages:${PYTHONPATH} /usr/bin/python3 setup.py develop --editable --build-directory /home/moonbotj40/elian_stuff/my_dynamixel_repo/build/motor_controller/build --no-deps install_data
[10.519s] INFO:colcon.colcon_core.shell:Creating environment hook '/home/moonbotj40/elian_stuff/my_dynamixel_repo/build/motor_controller/share/motor_controller/hook/pythonpath_develop.ps1'
[10.520s] INFO:colcon.colcon_core.shell:Creating environment descriptor '/home/moonbotj40/elian_stuff/my_dynamixel_repo/build/motor_controller/share/motor_controller/hook/pythonpath_develop.dsv'
[10.521s] INFO:colcon.colcon_core.shell:Creating environment hook '/home/moonbotj40/elian_stuff/my_dynamixel_repo/build/motor_controller/share/motor_controller/hook/pythonpath_develop.sh'
[10.606s] Level 1:colcon.colcon_core.environment:checking '/home/moonbotj40/elian_stuff/my_dynamixel_repo/install/motor_controller' for CMake module files
[10.608s] Level 1:colcon.colcon_core.environment:checking '/home/moonbotj40/elian_stuff/my_dynamixel_repo/install/motor_controller' for CMake config files
[10.610s] Level 1:colcon.colcon_core.environment:checking '/home/moonbotj40/elian_stuff/my_dynamixel_repo/install/motor_controller/lib'
[10.610s] Level 1:colcon.colcon_core.environment:checking '/home/moonbotj40/elian_stuff/my_dynamixel_repo/install/motor_controller/bin'
[10.610s] Level 1:colcon.colcon_core.environment:checking '/home/moonbotj40/elian_stuff/my_dynamixel_repo/install/motor_controller/lib/pkgconfig/motor_controller.pc'
[10.611s] Level 1:colcon.colcon_core.environment:checking '/home/moonbotj40/elian_stuff/my_dynamixel_repo/install/motor_controller/lib/python3.8/site-packages'
[10.611s] Level 1:colcon.colcon_core.shell:create_environment_hook('motor_controller', 'pythonpath')
[10.694s] INFO:colcon.colcon_core.shell:Creating environment hook '/home/moonbotj40/elian_stuff/my_dynamixel_repo/install/motor_controller/share/motor_controller/hook/pythonpath.ps1'
[10.696s] INFO:colcon.colcon_core.shell:Creating environment descriptor '/home/moonbotj40/elian_stuff/my_dynamixel_repo/install/motor_controller/share/motor_controller/hook/pythonpath.dsv'
[10.696s] INFO:colcon.colcon_core.shell:Creating environment hook '/home/moonbotj40/elian_stuff/my_dynamixel_repo/install/motor_controller/share/motor_controller/hook/pythonpath.sh'
[10.697s] Level 1:colcon.colcon_core.environment:checking '/home/moonbotj40/elian_stuff/my_dynamixel_repo/install/motor_controller/bin'
[10.698s] Level 1:colcon.colcon_core.environment:create_environment_scripts_only(motor_controller)
[10.779s] INFO:colcon.colcon_core.shell:Creating package script '/home/moonbotj40/elian_stuff/my_dynamixel_repo/install/motor_controller/share/motor_controller/package.ps1'
[10.781s] INFO:colcon.colcon_core.shell:Creating package descriptor '/home/moonbotj40/elian_stuff/my_dynamixel_repo/install/motor_controller/share/motor_controller/package.dsv'
[10.783s] INFO:colcon.colcon_core.shell:Creating package script '/home/moonbotj40/elian_stuff/my_dynamixel_repo/install/motor_controller/share/motor_controller/package.sh'
[10.785s] INFO:colcon.colcon_core.shell:Creating package script '/home/moonbotj40/elian_stuff/my_dynamixel_repo/install/motor_controller/share/motor_controller/package.bash'
[10.786s] INFO:colcon.colcon_core.shell:Creating package script '/home/moonbotj40/elian_stuff/my_dynamixel_repo/install/motor_controller/share/motor_controller/package.zsh'
[10.787s] Level 1:colcon.colcon_core.environment:create_file_with_runtime_dependencies(/home/moonbotj40/elian_stuff/my_dynamixel_repo/install/motor_controller/share/colcon-core/packages/motor_controller)
[10.788s] DEBUG:colcon.colcon_parallel_executor.executor.parallel:closing loop
[10.790s] DEBUG:colcon.colcon_parallel_executor.executor.parallel:loop closed
[10.790s] DEBUG:colcon.colcon_parallel_executor.executor.parallel:run_until_complete finished with '0'
[10.790s] DEBUG:colcon.colcon_core.event_reactor:joining thread
[10.884s] INFO:colcon.colcon_core.plugin_system:Skipping extension 'colcon_notification.desktop_notification.terminal_notifier': Not used on non-Darwin systems
[10.884s] INFO:colcon.colcon_core.plugin_system:Skipping extension 'colcon_notification.desktop_notification.win32': Not used on non-Windows systems
[10.884s] INFO:colcon.colcon_notification.desktop_notification:Sending desktop notification using 'notify2'
[11.010s] DEBUG:colcon.colcon_core.event_reactor:joined thread
[11.098s] INFO:colcon.colcon_core.shell:Creating prefix script '/home/moonbotj40/elian_stuff/my_dynamixel_repo/install/local_setup.ps1'
[11.100s] INFO:colcon.colcon_core.shell:Creating prefix util module '/home/moonbotj40/elian_stuff/my_dynamixel_repo/install/_local_setup_util_ps1.py'
[11.104s] INFO:colcon.colcon_core.shell:Creating prefix chain script '/home/moonbotj40/elian_stuff/my_dynamixel_repo/install/setup.ps1'
[11.186s] INFO:colcon.colcon_core.shell:Creating prefix script '/home/moonbotj40/elian_stuff/my_dynamixel_repo/install/local_setup.sh'
[11.187s] INFO:colcon.colcon_core.shell:Creating prefix util module '/home/moonbotj40/elian_stuff/my_dynamixel_repo/install/_local_setup_util_sh.py'
[11.188s] INFO:colcon.colcon_core.shell:Creating prefix chain script '/home/moonbotj40/elian_stuff/my_dynamixel_repo/install/setup.sh'
[11.270s] INFO:colcon.colcon_core.shell:Creating prefix script '/home/moonbotj40/elian_stuff/my_dynamixel_repo/install/local_setup.bash'
[11.271s] INFO:colcon.colcon_core.shell:Creating prefix chain script '/home/moonbotj40/elian_stuff/my_dynamixel_repo/install/setup.bash'
[11.355s] INFO:colcon.colcon_core.shell:Creating prefix script '/home/moonbotj40/elian_stuff/my_dynamixel_repo/install/local_setup.zsh'
[11.357s] INFO:colcon.colcon_core.shell:Creating prefix chain script '/home/moonbotj40/elian_stuff/my_dynamixel_repo/install/setup.zsh'
