running develop
running egg_info
creating motor_controller.egg-info
writing motor_controller.egg-info/PKG-INFO
writing dependency_links to motor_controller.egg-info/dependency_links.txt
writing entry points to motor_controller.egg-info/entry_points.txt
writing requirements to motor_controller.egg-info/requires.txt
writing top-level names to motor_controller.egg-info/top_level.txt
writing manifest file 'motor_controller.egg-info/SOURCES.txt'
reading manifest file 'motor_controller.egg-info/SOURCES.txt'
writing manifest file 'motor_controller.egg-info/SOURCES.txt'
running build_ext
Creating /home/moonbotj40/elian_stuff/my_dynamixel_repo/install/motor_controller/lib/python3.8/site-packages/site.py
Creating /home/moonbotj40/elian_stuff/my_dynamixel_repo/install/motor_controller/lib/python3.8/site-packages/motor-controller.egg-link (link to .)
Installing multi_dynamixel script to /home/moonbotj40/elian_stuff/my_dynamixel_repo/install/motor_controller/lib/motor_controller

Installed /home/moonbotj40/elian_stuff/my_dynamixel_repo/build/motor_controller
running install_data
creating /home/moonbotj40/elian_stuff/my_dynamixel_repo/install/motor_controller/share/ament_index
creating /home/moonbotj40/elian_stuff/my_dynamixel_repo/install/motor_controller/share/ament_index/resource_index
creating /home/moonbotj40/elian_stuff/my_dynamixel_repo/install/motor_controller/share/ament_index/resource_index/packages
copying resource/motor_controller -> /home/moonbotj40/elian_stuff/my_dynamixel_repo/install/motor_controller/share/ament_index/resource_index/packages
copying package.xml -> /home/moonbotj40/elian_stuff/my_dynamixel_repo/install/motor_controller/share/motor_controller
creating /home/moonbotj40/elian_stuff/my_dynamixel_repo/install/motor_controller/lib/python3.8/site-packages/python_package_include
copying motor_controller/python_package_include/multi_controller.py -> /home/moonbotj40/elian_stuff/my_dynamixel_repo/install/motor_controller/lib/python3.8/site-packages/python_package_include
creating /home/moonbotj40/elian_stuff/my_dynamixel_repo/install/motor_controller/lib/python3.8/site-packages/dynamixel_sdk
copying motor_controller/python_package_include/dynamixel_sdk/packet_handler.py -> /home/moonbotj40/elian_stuff/my_dynamixel_repo/install/motor_controller/lib/python3.8/site-packages/dynamixel_sdk
copying motor_controller/python_package_include/dynamixel_sdk/robotis_def.py -> /home/moonbotj40/elian_stuff/my_dynamixel_repo/install/motor_controller/lib/python3.8/site-packages/dynamixel_sdk
copying motor_controller/python_package_include/dynamixel_sdk/group_sync_read.py -> /home/moonbotj40/elian_stuff/my_dynamixel_repo/install/motor_controller/lib/python3.8/site-packages/dynamixel_sdk
copying motor_controller/python_package_include/dynamixel_sdk/group_bulk_read.py -> /home/moonbotj40/elian_stuff/my_dynamixel_repo/install/motor_controller/lib/python3.8/site-packages/dynamixel_sdk
copying motor_controller/python_package_include/dynamixel_sdk/protocol2_packet_handler.py -> /home/moonbotj40/elian_stuff/my_dynamixel_repo/install/motor_controller/lib/python3.8/site-packages/dynamixel_sdk
copying motor_controller/python_package_include/dynamixel_sdk/protocol1_packet_handler.py -> /home/moonbotj40/elian_stuff/my_dynamixel_repo/install/motor_controller/lib/python3.8/site-packages/dynamixel_sdk
copying motor_controller/python_package_include/dynamixel_sdk/__init__.py -> /home/moonbotj40/elian_stuff/my_dynamixel_repo/install/motor_controller/lib/python3.8/site-packages/dynamixel_sdk
copying motor_controller/python_package_include/dynamixel_sdk/group_bulk_write.py -> /home/moonbotj40/elian_stuff/my_dynamixel_repo/install/motor_controller/lib/python3.8/site-packages/dynamixel_sdk
copying motor_controller/python_package_include/dynamixel_sdk/group_sync_write.py -> /home/moonbotj40/elian_stuff/my_dynamixel_repo/install/motor_controller/lib/python3.8/site-packages/dynamixel_sdk
copying motor_controller/python_package_include/dynamixel_sdk/port_handler.py -> /home/moonbotj40/elian_stuff/my_dynamixel_repo/install/motor_controller/lib/python3.8/site-packages/dynamixel_sdk
