[2.024s] Invoking command in '/home/moonbotj40/elian_stuff/my_dynamixel_repo/build/motor_controller': PYTHONPATH=/home/moonbotj40/elian_stuff/my_dynamixel_repo/build/motor_controller/prefix_override:/home/moonbotj40/elian_stuff/my_dynamixel_repo/install/motor_controller/lib/python3.8/site-packages:${PYTHONPATH} /usr/bin/python3 setup.py develop --editable --build-directory /home/moonbotj40/elian_stuff/my_dynamixel_repo/build/motor_controller/build --no-deps install_data
[2.481s] running develop
[2.756s] running egg_info
[2.756s] creating motor_controller.egg-info
[2.756s] writing motor_controller.egg-info/PKG-INFO
[2.757s] writing dependency_links to motor_controller.egg-info/dependency_links.txt
[2.757s] writing entry points to motor_controller.egg-info/entry_points.txt
[2.757s] writing requirements to motor_controller.egg-info/requires.txt
[2.757s] writing top-level names to motor_controller.egg-info/top_level.txt
[2.760s] writing manifest file 'motor_controller.egg-info/SOURCES.txt'
[2.819s] reading manifest file 'motor_controller.egg-info/SOURCES.txt'
[2.820s] writing manifest file 'motor_controller.egg-info/SOURCES.txt'
[2.891s] running build_ext
[2.892s] Creating /home/moonbotj40/elian_stuff/my_dynamixel_repo/install/motor_controller/lib/python3.8/site-packages/site.py
[2.896s] Creating /home/moonbotj40/elian_stuff/my_dynamixel_repo/install/motor_controller/lib/python3.8/site-packages/motor-controller.egg-link (link to .)
[2.898s] Installing multi_dynamixel script to /home/moonbotj40/elian_stuff/my_dynamixel_repo/install/motor_controller/lib/motor_controller
[2.898s] 
[2.898s] Installed /home/moonbotj40/elian_stuff/my_dynamixel_repo/build/motor_controller
[2.899s] running install_data
[2.899s] creating /home/moonbotj40/elian_stuff/my_dynamixel_repo/install/motor_controller/share/ament_index
[2.899s] creating /home/moonbotj40/elian_stuff/my_dynamixel_repo/install/motor_controller/share/ament_index/resource_index
[2.899s] creating /home/moonbotj40/elian_stuff/my_dynamixel_repo/install/motor_controller/share/ament_index/resource_index/packages
[2.899s] copying resource/motor_controller -> /home/moonbotj40/elian_stuff/my_dynamixel_repo/install/motor_controller/share/ament_index/resource_index/packages
[2.900s] copying package.xml -> /home/moonbotj40/elian_stuff/my_dynamixel_repo/install/motor_controller/share/motor_controller
[2.900s] creating /home/moonbotj40/elian_stuff/my_dynamixel_repo/install/motor_controller/lib/python3.8/site-packages/python_package_include
[2.900s] copying motor_controller/python_package_include/multi_controller.py -> /home/moonbotj40/elian_stuff/my_dynamixel_repo/install/motor_controller/lib/python3.8/site-packages/python_package_include
[2.901s] creating /home/moonbotj40/elian_stuff/my_dynamixel_repo/install/motor_controller/lib/python3.8/site-packages/dynamixel_sdk
[2.901s] copying motor_controller/python_package_include/dynamixel_sdk/packet_handler.py -> /home/moonbotj40/elian_stuff/my_dynamixel_repo/install/motor_controller/lib/python3.8/site-packages/dynamixel_sdk
[2.901s] copying motor_controller/python_package_include/dynamixel_sdk/robotis_def.py -> /home/moonbotj40/elian_stuff/my_dynamixel_repo/install/motor_controller/lib/python3.8/site-packages/dynamixel_sdk
[2.901s] copying motor_controller/python_package_include/dynamixel_sdk/group_sync_read.py -> /home/moonbotj40/elian_stuff/my_dynamixel_repo/install/motor_controller/lib/python3.8/site-packages/dynamixel_sdk
[2.901s] copying motor_controller/python_package_include/dynamixel_sdk/group_bulk_read.py -> /home/moonbotj40/elian_stuff/my_dynamixel_repo/install/motor_controller/lib/python3.8/site-packages/dynamixel_sdk
[2.901s] copying motor_controller/python_package_include/dynamixel_sdk/protocol2_packet_handler.py -> /home/moonbotj40/elian_stuff/my_dynamixel_repo/install/motor_controller/lib/python3.8/site-packages/dynamixel_sdk
[2.902s] copying motor_controller/python_package_include/dynamixel_sdk/protocol1_packet_handler.py -> /home/moonbotj40/elian_stuff/my_dynamixel_repo/install/motor_controller/lib/python3.8/site-packages/dynamixel_sdk
[2.902s] copying motor_controller/python_package_include/dynamixel_sdk/__init__.py -> /home/moonbotj40/elian_stuff/my_dynamixel_repo/install/motor_controller/lib/python3.8/site-packages/dynamixel_sdk
[2.902s] copying motor_controller/python_package_include/dynamixel_sdk/group_bulk_write.py -> /home/moonbotj40/elian_stuff/my_dynamixel_repo/install/motor_controller/lib/python3.8/site-packages/dynamixel_sdk
[2.902s] copying motor_controller/python_package_include/dynamixel_sdk/group_sync_write.py -> /home/moonbotj40/elian_stuff/my_dynamixel_repo/install/motor_controller/lib/python3.8/site-packages/dynamixel_sdk
[2.902s] copying motor_controller/python_package_include/dynamixel_sdk/port_handler.py -> /home/moonbotj40/elian_stuff/my_dynamixel_repo/install/motor_controller/lib/python3.8/site-packages/dynamixel_sdk
[2.981s] Invoked command in '/home/moonbotj40/elian_stuff/my_dynamixel_repo/build/motor_controller' returned '0': PYTHONPATH=/home/moonbotj40/elian_stuff/my_dynamixel_repo/build/motor_controller/prefix_override:/home/moonbotj40/elian_stuff/my_dynamixel_repo/install/motor_controller/lib/python3.8/site-packages:${PYTHONPATH} /usr/bin/python3 setup.py develop --editable --build-directory /home/moonbotj40/elian_stuff/my_dynamixel_repo/build/motor_controller/build --no-deps install_data
