[4.703s] DEBUG:colcon:Command line arguments: ['/usr/bin/colcon', 'build', '--symlink-install', '--packages-select', 'motor_controller']
[4.704s] DEBUG:colcon:Parsed command line arguments: Namespace(allow_overriding=[], ament_cmake_args=None, base_paths=['.'], build_base='build', catkin_cmake_args=None, catkin_skip_building_tests=False, cmake_args=None, cmake_clean_cache=False, cmake_clean_first=False, cmake_force_configure=False, cmake_target=None, cmake_target_skip_unavailable=False, continue_on_error=False, event_handlers=None, executor='parallel', ignore_user_meta=False, install_base='install', log_base=None, log_level=None, main=<bound method BuildVerb.main of <colcon_core.verb.build.BuildVerb object at 0xffff9c76adf0>>, merge_install=False, metas=['./colcon.meta'], packages_above=None, packages_above_and_dependencies=None, packages_above_depth=None, packages_end=None, packages_ignore=None, packages_ignore_regex=None, packages_select=['motor_controller'], packages_select_build_failed=False, packages_select_by_dep=None, packages_select_regex=None, packages_select_test_failures=False, packages_skip=None, packages_skip_build_finished=False, packages_skip_by_dep=None, packages_skip_regex=None, packages_skip_test_passed=False, packages_skip_up_to=None, packages_start=None, packages_up_to=None, packages_up_to_regex=None, parallel_workers=8, paths=None, symlink_install=True, test_result_base=None, verb_extension=<colcon_core.verb.build.BuildVerb object at 0xffff9c76adf0>, verb_name='build', verb_parser=<colcon_defaults.argument_parser.defaults.DefaultArgumentsDecorator object at 0xffff9c76a160>)
[4.912s] Level 1:colcon.colcon_core.package_discovery:discover_packages(colcon_meta) check parameters
[4.912s] Level 1:colcon.colcon_core.package_discovery:discover_packages(recursive) check parameters
[4.912s] Level 1:colcon.colcon_core.package_discovery:discover_packages(ignore) check parameters
[4.912s] Level 1:colcon.colcon_core.package_discovery:discover_packages(path) check parameters
[4.912s] Level 1:colcon.colcon_core.package_discovery:discover_packages(colcon_meta) discover
[4.912s] Level 1:colcon.colcon_core.package_discovery:discover_packages(recursive) discover
[4.913s] INFO:colcon.colcon_core.package_discovery:Crawling recursively for packages in '/home/moonbotj40/elian_stuff/my_dynamixel_repo'
[4.913s] Level 1:colcon.colcon_core.package_identification:_identify(.) by extensions ['ignore', 'ignore_ament_install']
[4.913s] Level 1:colcon.colcon_core.package_identification:_identify(.) by extension 'ignore'
[4.913s] Level 1:colcon.colcon_core.package_identification:_identify(.) by extension 'ignore_ament_install'
[4.913s] Level 1:colcon.colcon_core.package_identification:_identify(.) by extensions ['colcon_pkg']
[4.913s] Level 1:colcon.colcon_core.package_identification:_identify(.) by extension 'colcon_pkg'
[4.913s] Level 1:colcon.colcon_core.package_identification:_identify(.) by extensions ['colcon_meta']
[4.914s] Level 1:colcon.colcon_core.package_identification:_identify(.) by extension 'colcon_meta'
[4.914s] Level 1:colcon.colcon_core.package_identification:_identify(.) by extensions ['ros']
[4.914s] Level 1:colcon.colcon_core.package_identification:_identify(.) by extension 'ros'
[4.939s] Level 1:colcon.colcon_core.package_identification:_identify(.) by extensions ['cmake', 'python']
[4.939s] Level 1:colcon.colcon_core.package_identification:_identify(.) by extension 'cmake'
[4.939s] Level 1:colcon.colcon_core.package_identification:_identify(.) by extension 'python'
[4.940s] Level 1:colcon.colcon_core.package_identification:_identify(.) by extensions ['python_setup_py']
[4.940s] Level 1:colcon.colcon_core.package_identification:_identify(.) by extension 'python_setup_py'
[4.940s] Level 1:colcon.colcon_core.package_identification:_identify(build) by extensions ['ignore', 'ignore_ament_install']
[4.940s] Level 1:colcon.colcon_core.package_identification:_identify(build) by extension 'ignore'
[4.940s] Level 1:colcon.colcon_core.package_identification:_identify(build) ignored
[4.941s] Level 1:colcon.colcon_core.package_identification:_identify(install) by extensions ['ignore', 'ignore_ament_install']
[4.941s] Level 1:colcon.colcon_core.package_identification:_identify(install) by extension 'ignore'
[4.941s] Level 1:colcon.colcon_core.package_identification:_identify(install) ignored
[4.941s] Level 1:colcon.colcon_core.package_identification:_identify(log) by extensions ['ignore', 'ignore_ament_install']
[4.941s] Level 1:colcon.colcon_core.package_identification:_identify(log) by extension 'ignore'
[4.942s] Level 1:colcon.colcon_core.package_identification:_identify(log) ignored
[4.942s] Level 1:colcon.colcon_core.package_identification:_identify(pure_python_tests) by extensions ['ignore', 'ignore_ament_install']
[4.942s] Level 1:colcon.colcon_core.package_identification:_identify(pure_python_tests) by extension 'ignore'
[4.942s] Level 1:colcon.colcon_core.package_identification:_identify(pure_python_tests) by extension 'ignore_ament_install'
[4.942s] Level 1:colcon.colcon_core.package_identification:_identify(pure_python_tests) by extensions ['colcon_pkg']
[4.942s] Level 1:colcon.colcon_core.package_identification:_identify(pure_python_tests) by extension 'colcon_pkg'
[4.942s] Level 1:colcon.colcon_core.package_identification:_identify(pure_python_tests) by extensions ['colcon_meta']
[4.942s] Level 1:colcon.colcon_core.package_identification:_identify(pure_python_tests) by extension 'colcon_meta'
[4.943s] Level 1:colcon.colcon_core.package_identification:_identify(pure_python_tests) by extensions ['ros']
[4.943s] Level 1:colcon.colcon_core.package_identification:_identify(pure_python_tests) by extension 'ros'
[4.943s] Level 1:colcon.colcon_core.package_identification:_identify(pure_python_tests) by extensions ['cmake', 'python']
[4.943s] Level 1:colcon.colcon_core.package_identification:_identify(pure_python_tests) by extension 'cmake'
[4.943s] Level 1:colcon.colcon_core.package_identification:_identify(pure_python_tests) by extension 'python'
[4.943s] Level 1:colcon.colcon_core.package_identification:_identify(pure_python_tests) by extensions ['python_setup_py']
[4.943s] Level 1:colcon.colcon_core.package_identification:_identify(pure_python_tests) by extension 'python_setup_py'
[4.943s] Level 1:colcon.colcon_core.package_identification:_identify(pure_python_tests/dynamixel_sdk) by extensions ['ignore', 'ignore_ament_install']
[4.944s] Level 1:colcon.colcon_core.package_identification:_identify(pure_python_tests/dynamixel_sdk) by extension 'ignore'
[4.944s] Level 1:colcon.colcon_core.package_identification:_identify(pure_python_tests/dynamixel_sdk) by extension 'ignore_ament_install'
[4.944s] Level 1:colcon.colcon_core.package_identification:_identify(pure_python_tests/dynamixel_sdk) by extensions ['colcon_pkg']
[4.944s] Level 1:colcon.colcon_core.package_identification:_identify(pure_python_tests/dynamixel_sdk) by extension 'colcon_pkg'
[4.944s] Level 1:colcon.colcon_core.package_identification:_identify(pure_python_tests/dynamixel_sdk) by extensions ['colcon_meta']
[4.944s] Level 1:colcon.colcon_core.package_identification:_identify(pure_python_tests/dynamixel_sdk) by extension 'colcon_meta'
[4.944s] Level 1:colcon.colcon_core.package_identification:_identify(pure_python_tests/dynamixel_sdk) by extensions ['ros']
[4.944s] Level 1:colcon.colcon_core.package_identification:_identify(pure_python_tests/dynamixel_sdk) by extension 'ros'
[4.944s] Level 1:colcon.colcon_core.package_identification:_identify(pure_python_tests/dynamixel_sdk) by extensions ['cmake', 'python']
[4.945s] Level 1:colcon.colcon_core.package_identification:_identify(pure_python_tests/dynamixel_sdk) by extension 'cmake'
[4.945s] Level 1:colcon.colcon_core.package_identification:_identify(pure_python_tests/dynamixel_sdk) by extension 'python'
[4.945s] Level 1:colcon.colcon_core.package_identification:_identify(pure_python_tests/dynamixel_sdk) by extensions ['python_setup_py']
[4.945s] Level 1:colcon.colcon_core.package_identification:_identify(pure_python_tests/dynamixel_sdk) by extension 'python_setup_py'
[4.945s] Level 1:colcon.colcon_core.package_identification:_identify(pure_python_tests/dynamixel_sdk/__pycache__) by extensions ['ignore', 'ignore_ament_install']
[4.945s] Level 1:colcon.colcon_core.package_identification:_identify(pure_python_tests/dynamixel_sdk/__pycache__) by extension 'ignore'
[4.945s] Level 1:colcon.colcon_core.package_identification:_identify(pure_python_tests/dynamixel_sdk/__pycache__) by extension 'ignore_ament_install'
[4.945s] Level 1:colcon.colcon_core.package_identification:_identify(pure_python_tests/dynamixel_sdk/__pycache__) by extensions ['colcon_pkg']
[4.946s] Level 1:colcon.colcon_core.package_identification:_identify(pure_python_tests/dynamixel_sdk/__pycache__) by extension 'colcon_pkg'
[4.946s] Level 1:colcon.colcon_core.package_identification:_identify(pure_python_tests/dynamixel_sdk/__pycache__) by extensions ['colcon_meta']
[4.946s] Level 1:colcon.colcon_core.package_identification:_identify(pure_python_tests/dynamixel_sdk/__pycache__) by extension 'colcon_meta'
[4.946s] Level 1:colcon.colcon_core.package_identification:_identify(pure_python_tests/dynamixel_sdk/__pycache__) by extensions ['ros']
[4.946s] Level 1:colcon.colcon_core.package_identification:_identify(pure_python_tests/dynamixel_sdk/__pycache__) by extension 'ros'
[4.946s] Level 1:colcon.colcon_core.package_identification:_identify(pure_python_tests/dynamixel_sdk/__pycache__) by extensions ['cmake', 'python']
[4.946s] Level 1:colcon.colcon_core.package_identification:_identify(pure_python_tests/dynamixel_sdk/__pycache__) by extension 'cmake'
[4.946s] Level 1:colcon.colcon_core.package_identification:_identify(pure_python_tests/dynamixel_sdk/__pycache__) by extension 'python'
[4.946s] Level 1:colcon.colcon_core.package_identification:_identify(pure_python_tests/dynamixel_sdk/__pycache__) by extensions ['python_setup_py']
[4.946s] Level 1:colcon.colcon_core.package_identification:_identify(pure_python_tests/dynamixel_sdk/__pycache__) by extension 'python_setup_py'
[4.947s] Level 1:colcon.colcon_core.package_identification:_identify(pure_python_tests/protocol2_0) by extensions ['ignore', 'ignore_ament_install']
[4.947s] Level 1:colcon.colcon_core.package_identification:_identify(pure_python_tests/protocol2_0) by extension 'ignore'
[4.947s] Level 1:colcon.colcon_core.package_identification:_identify(pure_python_tests/protocol2_0) by extension 'ignore_ament_install'
[4.947s] Level 1:colcon.colcon_core.package_identification:_identify(pure_python_tests/protocol2_0) by extensions ['colcon_pkg']
[4.947s] Level 1:colcon.colcon_core.package_identification:_identify(pure_python_tests/protocol2_0) by extension 'colcon_pkg'
[4.947s] Level 1:colcon.colcon_core.package_identification:_identify(pure_python_tests/protocol2_0) by extensions ['colcon_meta']
[4.947s] Level 1:colcon.colcon_core.package_identification:_identify(pure_python_tests/protocol2_0) by extension 'colcon_meta'
[4.947s] Level 1:colcon.colcon_core.package_identification:_identify(pure_python_tests/protocol2_0) by extensions ['ros']
[4.947s] Level 1:colcon.colcon_core.package_identification:_identify(pure_python_tests/protocol2_0) by extension 'ros'
[4.948s] Level 1:colcon.colcon_core.package_identification:_identify(pure_python_tests/protocol2_0) by extensions ['cmake', 'python']
[4.948s] Level 1:colcon.colcon_core.package_identification:_identify(pure_python_tests/protocol2_0) by extension 'cmake'
[4.948s] Level 1:colcon.colcon_core.package_identification:_identify(pure_python_tests/protocol2_0) by extension 'python'
[4.948s] Level 1:colcon.colcon_core.package_identification:_identify(pure_python_tests/protocol2_0) by extensions ['python_setup_py']
[4.948s] Level 1:colcon.colcon_core.package_identification:_identify(pure_python_tests/protocol2_0) by extension 'python_setup_py'
[4.948s] Level 1:colcon.colcon_core.package_identification:_identify(src) by extensions ['ignore', 'ignore_ament_install']
[4.948s] Level 1:colcon.colcon_core.package_identification:_identify(src) by extension 'ignore'
[4.949s] Level 1:colcon.colcon_core.package_identification:_identify(src) by extension 'ignore_ament_install'
[4.949s] Level 1:colcon.colcon_core.package_identification:_identify(src) by extensions ['colcon_pkg']
[4.949s] Level 1:colcon.colcon_core.package_identification:_identify(src) by extension 'colcon_pkg'
[4.949s] Level 1:colcon.colcon_core.package_identification:_identify(src) by extensions ['colcon_meta']
[4.949s] Level 1:colcon.colcon_core.package_identification:_identify(src) by extension 'colcon_meta'
[4.949s] Level 1:colcon.colcon_core.package_identification:_identify(src) by extensions ['ros']
[4.949s] Level 1:colcon.colcon_core.package_identification:_identify(src) by extension 'ros'
[4.949s] Level 1:colcon.colcon_core.package_identification:_identify(src) by extensions ['cmake', 'python']
[4.949s] Level 1:colcon.colcon_core.package_identification:_identify(src) by extension 'cmake'
[4.949s] Level 1:colcon.colcon_core.package_identification:_identify(src) by extension 'python'
[4.950s] Level 1:colcon.colcon_core.package_identification:_identify(src) by extensions ['python_setup_py']
[4.950s] Level 1:colcon.colcon_core.package_identification:_identify(src) by extension 'python_setup_py'
[4.950s] Level 1:colcon.colcon_core.package_identification:_identify(src/dyna_controller_messages) by extensions ['ignore', 'ignore_ament_install']
[4.950s] Level 1:colcon.colcon_core.package_identification:_identify(src/dyna_controller_messages) by extension 'ignore'
[4.950s] Level 1:colcon.colcon_core.package_identification:_identify(src/dyna_controller_messages) by extension 'ignore_ament_install'
[4.950s] Level 1:colcon.colcon_core.package_identification:_identify(src/dyna_controller_messages) by extensions ['colcon_pkg']
[4.950s] Level 1:colcon.colcon_core.package_identification:_identify(src/dyna_controller_messages) by extension 'colcon_pkg'
[4.950s] Level 1:colcon.colcon_core.package_identification:_identify(src/dyna_controller_messages) by extensions ['colcon_meta']
[4.950s] Level 1:colcon.colcon_core.package_identification:_identify(src/dyna_controller_messages) by extension 'colcon_meta'
[4.951s] Level 1:colcon.colcon_core.package_identification:_identify(src/dyna_controller_messages) by extensions ['ros']
[4.951s] Level 1:colcon.colcon_core.package_identification:_identify(src/dyna_controller_messages) by extension 'ros'
[4.956s] DEBUG:colcon.colcon_core.package_identification:Package 'src/dyna_controller_messages' with type 'ros.ament_cmake' and name 'dyna_controller_messages'
[4.957s] Level 1:colcon.colcon_core.package_identification:_identify(src/motor_controller) by extensions ['ignore', 'ignore_ament_install']
[4.957s] Level 1:colcon.colcon_core.package_identification:_identify(src/motor_controller) by extension 'ignore'
[4.957s] Level 1:colcon.colcon_core.package_identification:_identify(src/motor_controller) by extension 'ignore_ament_install'
[4.957s] Level 1:colcon.colcon_core.package_identification:_identify(src/motor_controller) by extensions ['colcon_pkg']
[4.958s] Level 1:colcon.colcon_core.package_identification:_identify(src/motor_controller) by extension 'colcon_pkg'
[4.958s] Level 1:colcon.colcon_core.package_identification:_identify(src/motor_controller) by extensions ['colcon_meta']
[4.958s] Level 1:colcon.colcon_core.package_identification:_identify(src/motor_controller) by extension 'colcon_meta'
[4.958s] Level 1:colcon.colcon_core.package_identification:_identify(src/motor_controller) by extensions ['ros']
[4.958s] Level 1:colcon.colcon_core.package_identification:_identify(src/motor_controller) by extension 'ros'
[4.959s] DEBUG:colcon.colcon_core.package_identification:Package 'src/motor_controller' with type 'ros.ament_python' and name 'motor_controller'
[4.959s] Level 1:colcon.colcon_core.package_discovery:discover_packages(recursive) using defaults
[4.959s] Level 1:colcon.colcon_core.package_discovery:discover_packages(ignore) discover
[4.960s] Level 1:colcon.colcon_core.package_discovery:discover_packages(ignore) using defaults
[4.960s] Level 1:colcon.colcon_core.package_discovery:discover_packages(path) discover
[4.960s] Level 1:colcon.colcon_core.package_discovery:discover_packages(path) using defaults
[5.256s] INFO:colcon.colcon_core.package_selection:Skipping not selected package 'dyna_controller_messages' in 'src/dyna_controller_messages'
[5.409s] Level 1:colcon.colcon_core.package_discovery:discover_packages(prefix_path) check parameters
[5.409s] Level 1:colcon.colcon_core.package_discovery:discover_packages(prefix_path) discover
[5.567s] DEBUG:colcon.colcon_installed_package_information.package_discovery:Found 2 installed packages in /home/moonbotj40/elian_stuff/my_dynamixel_repo/install
[5.645s] DEBUG:colcon.colcon_installed_package_information.package_discovery:Found 257 installed packages in /opt/ros/foxy
[5.648s] Level 1:colcon.colcon_core.package_discovery:discover_packages(prefix_path) using defaults
[5.950s] Level 5:colcon.colcon_core.verb:set package 'motor_controller' build argument 'cmake_args' from command line to 'None'
[5.951s] Level 5:colcon.colcon_core.verb:set package 'motor_controller' build argument 'cmake_target' from command line to 'None'
[5.951s] Level 5:colcon.colcon_core.verb:set package 'motor_controller' build argument 'cmake_target_skip_unavailable' from command line to 'False'
[5.951s] Level 5:colcon.colcon_core.verb:set package 'motor_controller' build argument 'cmake_clean_cache' from command line to 'False'
[5.951s] Level 5:colcon.colcon_core.verb:set package 'motor_controller' build argument 'cmake_clean_first' from command line to 'False'
[5.951s] Level 5:colcon.colcon_core.verb:set package 'motor_controller' build argument 'cmake_force_configure' from command line to 'False'
[5.951s] Level 5:colcon.colcon_core.verb:set package 'motor_controller' build argument 'ament_cmake_args' from command line to 'None'
[5.951s] Level 5:colcon.colcon_core.verb:set package 'motor_controller' build argument 'catkin_cmake_args' from command line to 'None'
[5.951s] Level 5:colcon.colcon_core.verb:set package 'motor_controller' build argument 'catkin_skip_building_tests' from command line to 'False'
[5.951s] DEBUG:colcon.colcon_core.verb:Building package 'motor_controller' with the following arguments: {'ament_cmake_args': None, 'build_base': '/home/moonbotj40/elian_stuff/my_dynamixel_repo/build/motor_controller', 'catkin_cmake_args': None, 'catkin_skip_building_tests': False, 'cmake_args': None, 'cmake_clean_cache': False, 'cmake_clean_first': False, 'cmake_force_configure': False, 'cmake_target': None, 'cmake_target_skip_unavailable': False, 'install_base': '/home/moonbotj40/elian_stuff/my_dynamixel_repo/install/motor_controller', 'merge_install': False, 'path': '/home/moonbotj40/elian_stuff/my_dynamixel_repo/src/motor_controller', 'symlink_install': True, 'test_result_base': None}
[6.028s] INFO:colcon.colcon_core.executor:Executing jobs using 'parallel' executor
[6.108s] DEBUG:colcon.colcon_parallel_executor.executor.parallel:run_until_complete
[6.109s] INFO:colcon.colcon_ros.task.ament_python.build:Building ROS package in '/home/moonbotj40/elian_stuff/my_dynamixel_repo/src/motor_controller' with build type 'ament_python'
[6.109s] Level 1:colcon.colcon_core.shell:create_environment_hook('motor_controller', 'ament_prefix_path')
[6.225s] INFO:colcon.colcon_core.plugin_system:Skipping extension 'colcon_core.shell.bat': Not used on non-Windows systems
[6.225s] INFO:colcon.colcon_core.shell:Creating environment hook '/home/moonbotj40/elian_stuff/my_dynamixel_repo/install/motor_controller/share/motor_controller/hook/ament_prefix_path.ps1'
[6.227s] INFO:colcon.colcon_core.shell:Creating environment descriptor '/home/moonbotj40/elian_stuff/my_dynamixel_repo/install/motor_controller/share/motor_controller/hook/ament_prefix_path.dsv'
[6.228s] INFO:colcon.colcon_core.shell:Creating environment hook '/home/moonbotj40/elian_stuff/my_dynamixel_repo/install/motor_controller/share/motor_controller/hook/ament_prefix_path.sh'
[6.309s] INFO:colcon.colcon_core.shell:Skip shell extension 'powershell' for command environment: Not usable outside of PowerShell
[6.309s] DEBUG:colcon.colcon_core.shell:Skip shell extension 'dsv' for command environment
[7.091s] INFO:colcon.colcon_core.task.python.build:Building Python package in '/home/moonbotj40/elian_stuff/my_dynamixel_repo/src/motor_controller'
[7.183s] INFO:colcon.colcon_core.shell:Skip shell extension 'powershell' for command environment: Not usable outside of PowerShell
[7.183s] DEBUG:colcon.colcon_core.shell:Skip shell extension 'dsv' for command environment
[8.350s] DEBUG:colcon.colcon_core.event_handler.log_command:Invoking command in '/home/moonbotj40/elian_stuff/my_dynamixel_repo/build/motor_controller': PYTHONPATH=/home/moonbotj40/elian_stuff/my_dynamixel_repo/build/motor_controller/prefix_override:/home/moonbotj40/elian_stuff/my_dynamixel_repo/install/motor_controller/lib/python3.8/site-packages:${PYTHONPATH} /usr/bin/python3 setup.py develop --editable --build-directory /home/moonbotj40/elian_stuff/my_dynamixel_repo/build/motor_controller/build --no-deps install_data
[9.451s] Level 1:colcon.colcon_core.shell:create_environment_hook('motor_controller', 'pythonpath_develop')
[9.452s] DEBUG:colcon.colcon_core.event_handler.log_command:Invoked command in '/home/moonbotj40/elian_stuff/my_dynamixel_repo/build/motor_controller' returned '0': PYTHONPATH=/home/moonbotj40/elian_stuff/my_dynamixel_repo/build/motor_controller/prefix_override:/home/moonbotj40/elian_stuff/my_dynamixel_repo/install/motor_controller/lib/python3.8/site-packages:${PYTHONPATH} /usr/bin/python3 setup.py develop --editable --build-directory /home/moonbotj40/elian_stuff/my_dynamixel_repo/build/motor_controller/build --no-deps install_data
[9.540s] INFO:colcon.colcon_core.shell:Creating environment hook '/home/moonbotj40/elian_stuff/my_dynamixel_repo/build/motor_controller/share/motor_controller/hook/pythonpath_develop.ps1'
[9.542s] INFO:colcon.colcon_core.shell:Creating environment descriptor '/home/moonbotj40/elian_stuff/my_dynamixel_repo/build/motor_controller/share/motor_controller/hook/pythonpath_develop.dsv'
[9.543s] INFO:colcon.colcon_core.shell:Creating environment hook '/home/moonbotj40/elian_stuff/my_dynamixel_repo/build/motor_controller/share/motor_controller/hook/pythonpath_develop.sh'
[9.634s] Level 1:colcon.colcon_core.environment:checking '/home/moonbotj40/elian_stuff/my_dynamixel_repo/install/motor_controller' for CMake module files
[9.635s] Level 1:colcon.colcon_core.environment:checking '/home/moonbotj40/elian_stuff/my_dynamixel_repo/install/motor_controller' for CMake config files
[9.637s] Level 1:colcon.colcon_core.environment:checking '/home/moonbotj40/elian_stuff/my_dynamixel_repo/install/motor_controller/lib'
[9.637s] Level 1:colcon.colcon_core.environment:checking '/home/moonbotj40/elian_stuff/my_dynamixel_repo/install/motor_controller/bin'
[9.637s] Level 1:colcon.colcon_core.environment:checking '/home/moonbotj40/elian_stuff/my_dynamixel_repo/install/motor_controller/lib/pkgconfig/motor_controller.pc'
[9.638s] Level 1:colcon.colcon_core.environment:checking '/home/moonbotj40/elian_stuff/my_dynamixel_repo/install/motor_controller/lib/python3.8/site-packages'
[9.639s] Level 1:colcon.colcon_core.shell:create_environment_hook('motor_controller', 'pythonpath')
[9.721s] INFO:colcon.colcon_core.shell:Creating environment hook '/home/moonbotj40/elian_stuff/my_dynamixel_repo/install/motor_controller/share/motor_controller/hook/pythonpath.ps1'
[9.722s] INFO:colcon.colcon_core.shell:Creating environment descriptor '/home/moonbotj40/elian_stuff/my_dynamixel_repo/install/motor_controller/share/motor_controller/hook/pythonpath.dsv'
[9.723s] INFO:colcon.colcon_core.shell:Creating environment hook '/home/moonbotj40/elian_stuff/my_dynamixel_repo/install/motor_controller/share/motor_controller/hook/pythonpath.sh'
[9.724s] Level 1:colcon.colcon_core.environment:checking '/home/moonbotj40/elian_stuff/my_dynamixel_repo/install/motor_controller/bin'
[9.724s] Level 1:colcon.colcon_core.environment:create_environment_scripts_only(motor_controller)
[9.807s] INFO:colcon.colcon_core.shell:Creating package script '/home/moonbotj40/elian_stuff/my_dynamixel_repo/install/motor_controller/share/motor_controller/package.ps1'
[9.810s] INFO:colcon.colcon_core.shell:Creating package descriptor '/home/moonbotj40/elian_stuff/my_dynamixel_repo/install/motor_controller/share/motor_controller/package.dsv'
[9.811s] INFO:colcon.colcon_core.shell:Creating package script '/home/moonbotj40/elian_stuff/my_dynamixel_repo/install/motor_controller/share/motor_controller/package.sh'
[9.813s] INFO:colcon.colcon_core.shell:Creating package script '/home/moonbotj40/elian_stuff/my_dynamixel_repo/install/motor_controller/share/motor_controller/package.bash'
[9.814s] INFO:colcon.colcon_core.shell:Creating package script '/home/moonbotj40/elian_stuff/my_dynamixel_repo/install/motor_controller/share/motor_controller/package.zsh'
[9.815s] Level 1:colcon.colcon_core.environment:create_file_with_runtime_dependencies(/home/moonbotj40/elian_stuff/my_dynamixel_repo/install/motor_controller/share/colcon-core/packages/motor_controller)
[9.816s] DEBUG:colcon.colcon_parallel_executor.executor.parallel:closing loop
[9.817s] DEBUG:colcon.colcon_parallel_executor.executor.parallel:loop closed
[9.817s] DEBUG:colcon.colcon_parallel_executor.executor.parallel:run_until_complete finished with '0'
[9.818s] DEBUG:colcon.colcon_core.event_reactor:joining thread
[9.909s] INFO:colcon.colcon_core.plugin_system:Skipping extension 'colcon_notification.desktop_notification.terminal_notifier': Not used on non-Darwin systems
[9.909s] INFO:colcon.colcon_core.plugin_system:Skipping extension 'colcon_notification.desktop_notification.win32': Not used on non-Windows systems
[9.909s] INFO:colcon.colcon_notification.desktop_notification:Sending desktop notification using 'notify2'
[9.948s] DEBUG:colcon.colcon_core.event_reactor:joined thread
[10.028s] INFO:colcon.colcon_core.shell:Creating prefix script '/home/moonbotj40/elian_stuff/my_dynamixel_repo/install/local_setup.ps1'
[10.031s] INFO:colcon.colcon_core.shell:Creating prefix util module '/home/moonbotj40/elian_stuff/my_dynamixel_repo/install/_local_setup_util_ps1.py'
[10.033s] INFO:colcon.colcon_core.shell:Creating prefix chain script '/home/moonbotj40/elian_stuff/my_dynamixel_repo/install/setup.ps1'
[10.115s] INFO:colcon.colcon_core.shell:Creating prefix script '/home/moonbotj40/elian_stuff/my_dynamixel_repo/install/local_setup.sh'
[10.117s] INFO:colcon.colcon_core.shell:Creating prefix util module '/home/moonbotj40/elian_stuff/my_dynamixel_repo/install/_local_setup_util_sh.py'
[10.118s] INFO:colcon.colcon_core.shell:Creating prefix chain script '/home/moonbotj40/elian_stuff/my_dynamixel_repo/install/setup.sh'
[10.199s] INFO:colcon.colcon_core.shell:Creating prefix script '/home/moonbotj40/elian_stuff/my_dynamixel_repo/install/local_setup.bash'
[10.201s] INFO:colcon.colcon_core.shell:Creating prefix chain script '/home/moonbotj40/elian_stuff/my_dynamixel_repo/install/setup.bash'
[10.282s] INFO:colcon.colcon_core.shell:Creating prefix script '/home/moonbotj40/elian_stuff/my_dynamixel_repo/install/local_setup.zsh'
[10.283s] INFO:colcon.colcon_core.shell:Creating prefix chain script '/home/moonbotj40/elian_stuff/my_dynamixel_repo/install/setup.zsh'
